BBOB data directory 'debestinf_10D' created
18-02-2014 17:39:02
  8% 10D f15 run   1 FEs = 1000174 best-target =     42.34011372 7s
 10% 10D f15 run   2 FEs = 1000174 best-target =     42.53967752 16s
 11% 10D f15 run   3 FEs = 1000174 best-target =     41.75589202 24s
  3% 10D f15 run   4 FEs = 1000174 best-target =     35.16866038 33s
  6% 10D f15 run   5 FEs = 1000174 best-target =     50.78135497 41s
  7% 10D f15 run   6 FEs = 1000174 best-target =     38.18349692 50s
  9% 10D f15 run   7 FEs = 1000174 best-target =     39.65133280 58s
  7% 10D f15 run   8 FEs = 1000174 best-target =     42.04983756 67s
  5% 10D f15 run   9 FEs = 1000174 best-target =     37.99753070 76s
  9% 10D f15 run  10 FEs = 1000174 best-target =     42.28417476 84s
  9% 10D f15 run  11 FEs = 1000174 best-target =     37.93683233 93s
  8% 10D f15 run  12 FEs = 1000174 best-target =     39.80372640 101s
  7% 10D f15 run  13 FEs = 1000174 best-target =     40.22901430 110s
  5% 10D f15 run  14 FEs = 1000174 best-target =     31.51050104 118s
  3% 10D f15 run  15 FEs = 1000174 best-target =     45.71308152 127s
18-02-2014 17:41:09
 21% 10D f16 run   1 FEs = 1000174 best-target =     10.90914473 143s
 23% 10D f16 run   2 FEs = 1000174 best-target =     12.78705027 160s
 22% 10D f16 run   3 FEs = 1000174 best-target =     18.13699981 177s
 23% 10D f16 run   4 FEs = 1000174 best-target =     14.03708542 193s
 22% 10D f16 run   5 FEs = 1000174 best-target =     12.95652898 210s
 23% 10D f16 run   6 FEs = 1000174 best-target =     12.73997948 227s
 21% 10D f16 run   7 FEs = 1000174 best-target =     13.01687167 243s
 23% 10D f16 run   8 FEs = 1000174 best-target =     14.06152133 256s
 22% 10D f16 run   9 FEs = 1000174 best-target =     16.40462933 268s
 23% 10D f16 run  10 FEs = 1000174 best-target =     12.47569703 281s
 22% 10D f16 run  11 FEs = 1000174 best-target =     13.88308370 293s
 23% 10D f16 run  12 FEs = 1000174 best-target =     13.50256241 306s
 23% 10D f16 run  13 FEs = 1000174 best-target =     14.80766091 319s
 23% 10D f16 run  14 FEs = 1000174 best-target =     11.09773067 331s
 23% 10D f16 run  15 FEs = 1000174 best-target =     12.78690585 344s
18-02-2014 17:44:46
  8% 10D f19 run   1 FEs = 1000174 best-target =      3.62325314 346s
  4% 10D f19 run   2 FEs = 1000174 best-target =      2.95039586 347s
  6% 10D f19 run   3 FEs = 1000174 best-target =      3.91657509 349s
  9% 10D f19 run   4 FEs = 1000174 best-target =      3.52939676 351s
 10% 10D f19 run   5 FEs = 1000174 best-target =      3.69701576 353s
  8% 10D f19 run   6 FEs = 1000174 best-target =      2.70919036 355s
  4% 10D f19 run   7 FEs = 1000174 best-target =      2.53819902 358s
  8% 10D f19 run   8 FEs = 1000174 best-target =      2.96434972 360s
  5% 10D f19 run   9 FEs = 1000174 best-target =      2.61986382 362s
  6% 10D f19 run  10 FEs = 1000174 best-target =      3.33387891 365s
 14% 10D f19 run  11 FEs = 1000174 best-target =      3.25314929 367s
  9% 10D f19 run  12 FEs = 1000174 best-target =      3.78258703 369s
 14% 10D f19 run  13 FEs = 1000174 best-target =      3.03390104 372s
  6% 10D f19 run  14 FEs = 1000174 best-target =      3.02670480 374s
  6% 10D f19 run  15 FEs = 1000174 best-target =      3.59778761 377s
18-02-2014 17:45:19
  0% 10D f20 run   1 FEs = 1000174 best-target =      1.96110114 380s
  1% 10D f20 run   2 FEs = 1000174 best-target =      1.87270002 384s
  0% 10D f20 run   3 FEs = 1000174 best-target =      2.14504029 387s
  1% 10D f20 run   4 FEs = 1000174 best-target =      1.88420286 391s
  0% 10D f20 run   5 FEs = 1000174 best-target =      1.99760836 395s
  0% 10D f20 run   6 FEs = 1000174 best-target =      1.76359112 398s
  1% 10D f20 run   7 FEs = 1000174 best-target =      1.62738413 402s
  0% 10D f20 run   8 FEs = 1000174 best-target =      1.81624704 405s
  0% 10D f20 run   9 FEs = 1000174 best-target =      2.00688806 409s
  0% 10D f20 run  10 FEs = 1000174 best-target =      2.05070930 413s
  0% 10D f20 run  11 FEs = 1000174 best-target =      2.16108007 416s
  1% 10D f20 run  12 FEs = 1000174 best-target =      1.83250017 420s
  0% 10D f20 run  13 FEs = 1000174 best-target =      1.94094171 423s
  0% 10D f20 run  14 FEs = 1000174 best-target =      2.02837999 427s
  1% 10D f20 run  15 FEs = 1000174 best-target =      2.04206410 431s
18-02-2014 17:46:13
 14% 10D f21 run   1 FEs = 1000174 best-target =     14.22956584 442s
 15% 10D f21 run   2 FEs = 1000174 best-target =      2.99930417 454s
  4% 10D f21 run   3 FEs =  852914 best-target =     -0.00000001 464s
  8% 10D f21 run   4 FEs = 1000174 best-target =      0.00369211 476s
 13% 10D f21 run   5 FEs = 1000174 best-target =      7.45153775 488s
 12% 10D f21 run   6 FEs = 1000174 best-target =      7.73765514 500s
  3% 10D f21 run   7 FEs =  567548 best-target =     -0.00000001 507s
  7% 10D f21 run   8 FEs = 1000174 best-target =      2.55461662 519s
  8% 10D f21 run   9 FEs = 1000174 best-target =      0.00000090 531s
 11% 10D f21 run  10 FEs = 1000174 best-target =     15.76449647 542s
  6% 10D f21 run  11 FEs =  733912 best-target =     -0.00000000 551s
 13% 10D f21 run  12 FEs = 1000174 best-target =      5.31449763 563s
 15% 10D f21 run  13 FEs = 1000174 best-target =      5.07675874 575s
 13% 10D f21 run  14 FEs = 1000174 best-target =      5.78859841 587s
 12% 10D f21 run  15 FEs = 1000174 best-target =      1.89129593 599s
18-02-2014 17:49:01
  6% 10D f22 run   1 FEs = 1000174 best-target =      0.00000645 603s
 11% 10D f22 run   2 FEs = 1000174 best-target =      1.08061542 607s
  6% 10D f22 run   3 FEs = 1000174 best-target =      0.69185690 611s
  3% 10D f22 run   4 FEs = 1000174 best-target =      1.95499885 615s
  9% 10D f22 run   5 FEs = 1000174 best-target =      4.41470475 620s
  2% 10D f22 run   6 FEs = 1000174 best-target =      0.69185690 624s
 13% 10D f22 run   7 FEs = 1000174 best-target =     13.41309746 628s
  3% 10D f22 run   8 FEs = 1000174 best-target =      0.69185690 632s
  8% 10D f22 run   9 FEs = 1000174 best-target =      0.69186104 636s
 13% 10D f22 run  10 FEs = 1000174 best-target =      0.69304275 640s
  2% 10D f22 run  11 FEs = 1000174 best-target =      1.95499885 645s
  2% 10D f22 run  12 FEs = 1000174 best-target =      0.69185690 649s
  7% 10D f22 run  13 FEs = 1000174 best-target =      0.00001930 653s
  8% 10D f22 run  14 FEs = 1000174 best-target =      0.69185822 657s
 12% 10D f22 run  15 FEs = 1000174 best-target =      6.17437777 661s
18-02-2014 17:50:04
  0% 10D f24 run   1 FEs = 1000174 best-target =     51.48281676 664s
  0% 10D f24 run   2 FEs = 1000174 best-target =     50.10691191 667s
  0% 10D f24 run   3 FEs = 1000174 best-target =     55.18515204 669s
  0% 10D f24 run   4 FEs = 1000174 best-target =     53.40450432 672s
  0% 10D f24 run   5 FEs = 1000174 best-target =     43.49032042 674s
  0% 10D f24 run   6 FEs = 1000174 best-target =     47.20702578 677s
  0% 10D f24 run   7 FEs = 1000174 best-target =     49.39018336 680s
  0% 10D f24 run   8 FEs = 1000174 best-target =     51.44026399 682s
  0% 10D f24 run   9 FEs = 1000174 best-target =     50.98341114 685s
  0% 10D f24 run  10 FEs = 1000174 best-target =     52.21408776 687s
  0% 10D f24 run  11 FEs = 1000174 best-target =     51.57464800 690s
  0% 10D f24 run  12 FEs = 1000174 best-target =     54.05827963 693s
  0% 10D f24 run  13 FEs = 1000174 best-target =     47.15355570 695s
  0% 10D f24 run  14 FEs = 1000174 best-target =     51.99082474 698s
  0% 10D f24 run  15 FEs = 1000174 best-target =     56.94609565 700s
18-02-2014 17:50:43
