BBOB data directory 'debest2_10D' created
16-02-2014 13:45:45
  5% 10D f15 run   1 FEs = 1000174 best-target =     22.34240786 16s
 14% 10D f15 run   2 FEs = 1000174 best-target =     22.04381170 32s
  6% 10D f15 run   3 FEs = 1000174 best-target =     37.54802806 40s
  2% 10D f15 run   4 FEs = 1000174 best-target =      3.97984506 48s
  4% 10D f15 run   5 FEs = 1000174 best-target =     17.16479365 56s
  8% 10D f15 run   6 FEs = 1000174 best-target =     29.69032798 63s
 14% 10D f15 run   7 FEs = 1000174 best-target =     27.56233885 71s
  3% 10D f15 run   8 FEs = 1000174 best-target =     24.19266783 78s
  5% 10D f15 run   9 FEs = 1000174 best-target =     21.54333113 86s
  8% 10D f15 run  10 FEs = 1000174 best-target =     32.14038189 99s
  7% 10D f15 run  11 FEs = 1000174 best-target =     34.57456824 115s
  5% 10D f15 run  12 FEs = 1000174 best-target =     21.92801914 130s
  4% 10D f15 run  13 FEs = 1000174 best-target =      7.95977816 150s
  3% 10D f15 run  14 FEs = 1000174 best-target =     15.76740926 167s
  3% 10D f15 run  15 FEs = 1000174 best-target =     22.99267520 190s
16-02-2014 13:48:55
 22% 10D f16 run   1 FEs = 1000174 best-target =      0.66484295 217s
 22% 10D f16 run   2 FEs = 1000174 best-target =     10.49798441 263s
 23% 10D f16 run   3 FEs = 1000174 best-target =      2.43861474 302s
 23% 10D f16 run   4 FEs = 1000174 best-target =      4.03773999 338s
 14% 10D f16 run   5 FEs = 1000174 best-target =      3.36620625 373s
 13% 10D f16 run   6 FEs = 1000174 best-target =      0.97706220 396s
 23% 10D f16 run   7 FEs = 1000174 best-target =      4.08982438 416s
 11% 10D f16 run   8 FEs = 1000174 best-target =      2.79558361 431s
 24% 10D f16 run   9 FEs = 1000174 best-target =      6.28942873 447s
 24% 10D f16 run  10 FEs = 1000174 best-target =      7.25135581 462s
 24% 10D f16 run  11 FEs = 1000174 best-target =      2.41476433 480s
 11% 10D f16 run  12 FEs = 1000174 best-target =      0.41087214 512s
 11% 10D f16 run  13 FEs = 1000174 best-target =      4.78392240 543s
 23% 10D f16 run  14 FEs = 1000174 best-target =      8.27705888 574s
 22% 10D f16 run  15 FEs = 1000174 best-target =     11.34141913 606s
16-02-2014 13:55:52
  6% 10D f19 run   1 FEs = 1000174 best-target =      2.17624614 611s
  3% 10D f19 run   2 FEs = 1000174 best-target =      3.33310688 616s
  8% 10D f19 run   3 FEs = 1000174 best-target =      2.51400428 620s
  3% 10D f19 run   4 FEs = 1000174 best-target =      2.23963971 625s
  2% 10D f19 run   5 FEs = 1000174 best-target =      2.90659548 629s
  7% 10D f19 run   6 FEs = 1000174 best-target =      2.99330263 634s
 15% 10D f19 run   7 FEs = 1000174 best-target =      3.68173520 639s
  5% 10D f19 run   8 FEs = 1000174 best-target =      0.47415691 645s
 15% 10D f19 run   9 FEs = 1000174 best-target =      3.63739640 651s
  2% 10D f19 run  10 FEs = 1000174 best-target =      2.30127803 653s
 18% 10D f19 run  11 FEs = 1000174 best-target =      3.19310860 654s
  4% 10D f19 run  12 FEs = 1000174 best-target =      3.14819690 656s
  4% 10D f19 run  13 FEs = 1000174 best-target =      3.52062512 658s
  6% 10D f19 run  14 FEs = 1000174 best-target =      2.75488185 661s
  3% 10D f19 run  15 FEs = 1000174 best-target =      0.84059171 662s
16-02-2014 13:56:48
  1% 10D f20 run   1 FEs = 1000174 best-target =      0.00111294 667s
  1% 10D f20 run   2 FEs = 1000174 best-target =      0.71063014 671s
  0% 10D f20 run   3 FEs = 1000174 best-target =      0.00293913 674s
  0% 10D f20 run   4 FEs = 1000174 best-target =      0.60060616 677s
  0% 10D f20 run   5 FEs = 1000174 best-target =      0.23688077 679s
  1% 10D f20 run   6 FEs = 1000174 best-target =      0.23689512 682s
  1% 10D f20 run   7 FEs = 1000174 best-target =      0.25489471 685s
  0% 10D f20 run   8 FEs = 1000174 best-target =      0.23687668 691s
  0% 10D f20 run   9 FEs = 1000174 best-target =      0.35561142 697s
  0% 10D f20 run  10 FEs = 1000174 best-target =      0.23687671 703s
  1% 10D f20 run  11 FEs = 1000174 best-target =      0.11871312 709s
  1% 10D f20 run  12 FEs = 1000174 best-target =      0.23687713 715s
  0% 10D f20 run  13 FEs = 1000174 best-target =      0.00000388 721s
  1% 10D f20 run  14 FEs = 1000174 best-target =      0.13027394 726s
  0% 10D f20 run  15 FEs = 1000174 best-target =      0.71063000 732s
16-02-2014 13:57:58
  4% 10D f21 run   1 FEs = 1000174 best-target =      0.92999738 754s
  3% 10D f21 run   2 FEs = 1000174 best-target =      1.24525553 780s
  2% 10D f21 run   3 FEs =  514216 best-target =     -0.00000001 791s
  3% 10D f21 run   4 FEs =  638392 best-target =     -0.00000001 806s
  2% 10D f21 run   5 FEs = 1000174 best-target =      2.04366110 828s
  5% 10D f21 run   6 FEs = 1000174 best-target =      0.92999738 850s
  2% 10D f21 run   7 FEs =  492724 best-target =     -0.00000000 861s
  1% 10D f21 run   8 FEs = 1000174 best-target =      1.24525553 883s
  3% 10D f21 run   9 FEs =  589438 best-target =     -0.00000000 897s
  2% 10D f21 run  10 FEs = 1000174 best-target =      1.93774049 919s
  4% 10D f21 run  11 FEs = 1000174 best-target =      0.69185690 951s
  2% 10D f21 run  12 FEs = 1000174 best-target =      0.69185690 966s
  4% 10D f21 run  13 FEs =  660680 best-target =     -0.00000001 979s
  2% 10D f21 run  14 FEs =  481580 best-target =     -0.00000000 990s
  2% 10D f21 run  15 FEs =  463272 best-target =     -0.00000001 1005s
16-02-2014 14:02:30
  3% 10D f22 run   1 FEs =  897092 best-target =     -0.00000000 1010s
  4% 10D f22 run   2 FEs = 1000174 best-target =      1.95499885 1017s
  3% 10D f22 run   3 FEs = 1000174 best-target =      0.69185690 1024s
  2% 10D f22 run   4 FEs = 1000174 best-target =      0.69185690 1030s
  3% 10D f22 run   5 FEs =  815900 best-target =     -0.00000000 1033s
  2% 10D f22 run   6 FEs = 1000174 best-target =      0.69185690 1036s
  3% 10D f22 run   7 FEs =  790428 best-target =     -0.00000000 1039s
  4% 10D f22 run   8 FEs = 1000174 best-target =      1.95499885 1042s
  2% 10D f22 run   9 FEs = 1000174 best-target =      0.69185690 1046s
  4% 10D f22 run  10 FEs = 1000174 best-target =     11.12561844 1049s
  1% 10D f22 run  11 FEs = 1000174 best-target =      1.95499885 1054s
  3% 10D f22 run  12 FEs =  749036 best-target =     -0.00000000 1059s
  3% 10D f22 run  13 FEs =  754210 best-target =     -0.00000001 1064s
  3% 10D f22 run  14 FEs = 1000174 best-target =      8.74275052 1075s
  3% 10D f22 run  15 FEs = 1000174 best-target =      2.59054772 1078s
16-02-2014 14:03:44
  0% 10D f24 run   1 FEs = 1000174 best-target =     48.25639565 1080s
  0% 10D f24 run   2 FEs = 1000174 best-target =     44.04237985 1082s
  0% 10D f24 run   3 FEs = 1000174 best-target =     35.55802706 1084s
  0% 10D f24 run   4 FEs = 1000174 best-target =     44.94685354 1085s
  0% 10D f24 run   5 FEs = 1000174 best-target =     35.36858502 1089s
  0% 10D f24 run   6 FEs = 1000174 best-target =     42.22433627 1093s
  0% 10D f24 run   7 FEs = 1000174 best-target =     42.54620206 1097s
  0% 10D f24 run   8 FEs = 1000174 best-target =     39.52389975 1100s
  0% 10D f24 run   9 FEs = 1000174 best-target =     48.61009198 1104s
  0% 10D f24 run  10 FEs = 1000174 best-target =     22.33914760 1109s
  0% 10D f24 run  11 FEs = 1000174 best-target =     38.43271651 1111s
  0% 10D f24 run  12 FEs = 1000174 best-target =     45.79963793 1113s
  0% 10D f24 run  13 FEs = 1000174 best-target =     51.43387847 1115s
  0% 10D f24 run  14 FEs = 1000174 best-target =     38.75041431 1117s
  0% 10D f24 run  15 FEs = 1000174 best-target =     36.82060801 1119s
16-02-2014 14:04:24
