BBOB data directory 'debest6_10D' created
16-02-2014 13:45:45
  7% 10D f15 run   1 FEs = 1000174 best-target =     43.40132167 8s
  9% 10D f15 run   2 FEs = 1000174 best-target =     53.08168508 16s
 10% 10D f15 run   3 FEs = 1000174 best-target =     37.21531279 24s
  4% 10D f15 run   4 FEs = 1000174 best-target =     40.05542832 32s
  8% 10D f15 run   5 FEs = 1000174 best-target =     45.02136473 40s
  8% 10D f15 run   6 FEs = 1000174 best-target =     45.34095178 48s
  9% 10D f15 run   7 FEs = 1000174 best-target =     40.20199641 56s
  4% 10D f15 run   8 FEs = 1000174 best-target =     46.00287354 64s
  6% 10D f15 run   9 FEs = 1000174 best-target =     37.69422319 73s
 12% 10D f15 run  10 FEs = 1000174 best-target =     44.84991436 81s
 12% 10D f15 run  11 FEs = 1000174 best-target =     40.43177697 90s
  8% 10D f15 run  12 FEs = 1000174 best-target =     50.95062574 106s
  6% 10D f15 run  13 FEs = 1000174 best-target =     41.33609358 127s
  5% 10D f15 run  14 FEs = 1000174 best-target =     43.28869962 154s
  4% 10D f15 run  15 FEs = 1000174 best-target =     46.90278767 174s
16-02-2014 13:48:40
 23% 10D f16 run   1 FEs = 1000174 best-target =      9.06846457 207s
 22% 10D f16 run   2 FEs = 1000174 best-target =     13.56470041 243s
 22% 10D f16 run   3 FEs = 1000174 best-target =     14.57750793 278s
 22% 10D f16 run   4 FEs = 1000174 best-target =     17.03855026 311s
 22% 10D f16 run   5 FEs = 1000174 best-target =     12.93695104 344s
 23% 10D f16 run   6 FEs = 1000174 best-target =     13.36117899 376s
 21% 10D f16 run   7 FEs = 1000174 best-target =     12.22616060 409s
 21% 10D f16 run   8 FEs = 1000174 best-target =     12.83931828 442s
 23% 10D f16 run   9 FEs = 1000174 best-target =     13.01939531 477s
 22% 10D f16 run  10 FEs = 1000174 best-target =     11.47809130 510s
 22% 10D f16 run  11 FEs = 1000174 best-target =     14.68561170 536s
 23% 10D f16 run  12 FEs = 1000174 best-target =     17.34981213 552s
 23% 10D f16 run  13 FEs = 1000174 best-target =     14.62919797 569s
 23% 10D f16 run  14 FEs = 1000174 best-target =     10.25184458 590s
 23% 10D f16 run  15 FEs = 1000174 best-target =     14.85436228 626s
16-02-2014 13:56:11
  4% 10D f19 run   1 FEs = 1000174 best-target =      2.89448264 631s
  9% 10D f19 run   2 FEs = 1000174 best-target =      3.03914003 634s
  7% 10D f19 run   3 FEs = 1000174 best-target =      3.08820441 638s
  8% 10D f19 run   4 FEs = 1000174 best-target =      2.90355886 642s
 10% 10D f19 run   5 FEs = 1000174 best-target =      3.15832570 645s
  9% 10D f19 run   6 FEs = 1000174 best-target =      4.07459780 649s
  9% 10D f19 run   7 FEs = 1000174 best-target =      3.74094102 653s
  3% 10D f19 run   8 FEs = 1000174 best-target =      3.52564316 659s
  7% 10D f19 run   9 FEs = 1000174 best-target =      3.96328089 664s
  5% 10D f19 run  10 FEs = 1000174 best-target =      2.51305794 668s
  9% 10D f19 run  11 FEs = 1000174 best-target =      3.58393663 672s
 10% 10D f19 run  12 FEs = 1000174 best-target =      3.73937251 675s
  6% 10D f19 run  13 FEs = 1000174 best-target =      3.23800151 679s
  4% 10D f19 run  14 FEs = 1000174 best-target =      3.00048010 683s
  8% 10D f19 run  15 FEs = 1000174 best-target =      3.55098616 686s
16-02-2014 13:57:12
  1% 10D f20 run   1 FEs = 1000174 best-target =      1.72883139 695s
  0% 10D f20 run   2 FEs = 1000174 best-target =      1.91614020 704s
  0% 10D f20 run   3 FEs = 1000174 best-target =      1.66659083 713s
  1% 10D f20 run   4 FEs = 1000174 best-target =      1.96048549 721s
  0% 10D f20 run   5 FEs = 1000174 best-target =      1.87723769 729s
  1% 10D f20 run   6 FEs = 1000174 best-target =      1.96693112 736s
  0% 10D f20 run   7 FEs = 1000174 best-target =      1.43405262 742s
  0% 10D f20 run   8 FEs = 1000174 best-target =      2.18233174 748s
  0% 10D f20 run   9 FEs = 1000174 best-target =      2.19393125 755s
  0% 10D f20 run  10 FEs = 1000174 best-target =      2.00704598 761s
  1% 10D f20 run  11 FEs = 1000174 best-target =      1.91738103 767s
  1% 10D f20 run  12 FEs = 1000174 best-target =      1.93767836 773s
  1% 10D f20 run  13 FEs = 1000174 best-target =      2.02652695 778s
  0% 10D f20 run  14 FEs = 1000174 best-target =      2.11492790 782s
  1% 10D f20 run  15 FEs = 1000174 best-target =      2.36643522 788s
16-02-2014 13:58:54
 11% 10D f21 run   1 FEs = 1000174 best-target =      0.00079326 811s
 13% 10D f21 run   2 FEs = 1000174 best-target =      4.35198539 834s
  3% 10D f21 run   3 FEs =  684560 best-target =     -0.00000000 850s
  3% 10D f21 run   4 FEs =  623666 best-target =     -0.00000000 864s
  5% 10D f21 run   5 FEs =  772120 best-target =     -0.00000001 882s
 12% 10D f21 run   6 FEs = 1000174 best-target =     12.58083840 917s
  4% 10D f21 run   7 FEs =  689336 best-target =     -0.00000000 940s
  2% 10D f21 run   8 FEs =  687744 best-target =     -0.00000001 964s
  5% 10D f21 run   9 FEs = 1000174 best-target =      0.69185690 999s
  8% 10D f21 run  10 FEs =  936892 best-target =     -0.00000000 1032s
 12% 10D f21 run  11 FEs = 1000174 best-target =      1.56341060 1067s
  9% 10D f21 run  12 FEs = 1000174 best-target =      0.00000011 1097s
  6% 10D f21 run  13 FEs = 1000174 best-target =      0.69185690 1124s
  6% 10D f21 run  14 FEs =  794408 best-target =     -0.00000000 1139s
 11% 10D f21 run  15 FEs = 1000174 best-target =      1.56303201 1163s
16-02-2014 14:05:08
  6% 10D f22 run   1 FEs = 1000174 best-target =      0.00000654 1170s
  2% 10D f22 run   2 FEs = 1000174 best-target =      1.95499885 1178s
  6% 10D f22 run   3 FEs = 1000174 best-target =      0.69185690 1185s
  6% 10D f22 run   4 FEs = 1000174 best-target =      0.69185690 1192s
  7% 10D f22 run   5 FEs = 1000174 best-target =      0.00000026 1200s
  8% 10D f22 run   6 FEs = 1000174 best-target =      0.69185690 1207s
 13% 10D f22 run   7 FEs = 1000174 best-target =     15.50782735 1215s
  2% 10D f22 run   8 FEs = 1000174 best-target =      0.69185690 1222s
  2% 10D f22 run   9 FEs = 1000174 best-target =      7.27162918 1229s
 14% 10D f22 run  10 FEs = 1000174 best-target =      2.44260306 1237s
  5% 10D f22 run  11 FEs = 1000174 best-target =      1.95499885 1241s
 11% 10D f22 run  12 FEs = 1000174 best-target =      2.07929266 1245s
 13% 10D f22 run  13 FEs = 1000174 best-target =      1.31642698 1249s
 11% 10D f22 run  14 FEs = 1000174 best-target =      0.00009825 1257s
  3% 10D f22 run  15 FEs = 1000174 best-target =      1.95499885 1264s
16-02-2014 14:06:50
  0% 10D f24 run   1 FEs = 1000174 best-target =     53.73398747 1268s
  0% 10D f24 run   2 FEs = 1000174 best-target =     54.75750143 1271s
  0% 10D f24 run   3 FEs = 1000174 best-target =     55.11591805 1274s
  0% 10D f24 run   4 FEs = 1000174 best-target =     57.24521884 1278s
  0% 10D f24 run   5 FEs = 1000174 best-target =     55.96840212 1282s
  0% 10D f24 run   6 FEs = 1000174 best-target =     51.23313507 1285s
  0% 10D f24 run   7 FEs = 1000174 best-target =     58.78389034 1287s
  0% 10D f24 run   8 FEs = 1000174 best-target =     34.23603824 1289s
  0% 10D f24 run   9 FEs = 1000174 best-target =     53.58012017 1291s
  0% 10D f24 run  10 FEs = 1000174 best-target =     51.11409933 1293s
  0% 10D f24 run  11 FEs = 1000174 best-target =     56.38574322 1295s
  0% 10D f24 run  12 FEs = 1000174 best-target =     48.71289536 1297s
  0% 10D f24 run  13 FEs = 1000174 best-target =     46.56294317 1299s
  0% 10D f24 run  14 FEs = 1000174 best-target =     58.03073032 1301s
  0% 10D f24 run  15 FEs = 1000174 best-target =     44.61190104 1303s
16-02-2014 14:07:29
