BBOB data directory 'debest1_10D' created
16-02-2014 13:45:45
 25% 10D f15 run   1 FEs = 1000174 best-target =     54.04314966 7s
  0% 10D f15 run   2 FEs = 1000174 best-target =     33.26433676 14s
 25% 10D f15 run   3 FEs = 1000174 best-target =     57.12463998 21s
  0% 10D f15 run   4 FEs = 1000174 best-target =     32.49329406 27s
 25% 10D f15 run   5 FEs = 1000174 best-target =     66.23130297 34s
  0% 10D f15 run   6 FEs = 1000174 best-target =     11.93950879 41s
  0% 10D f15 run   7 FEs = 1000174 best-target =     66.23297013 48s
  0% 10D f15 run   8 FEs = 1000174 best-target =     23.63128505 55s
 25% 10D f15 run   9 FEs = 1000174 best-target =     60.52678120 62s
 25% 10D f15 run  10 FEs = 1000174 best-target =     52.95340889 68s
  0% 10D f15 run  11 FEs = 1000174 best-target =     49.27639337 75s
  0% 10D f15 run  12 FEs = 1000174 best-target =     62.67377247 82s
  0% 10D f15 run  13 FEs = 1000174 best-target =     32.82390007 89s
  0% 10D f15 run  14 FEs = 1000174 best-target =     48.65770073 104s
  1% 10D f15 run  15 FEs = 1000174 best-target =     43.21936416 120s
16-02-2014 13:47:46
  0% 10D f16 run   1 FEs = 1000174 best-target =      3.46260662 157s
 25% 10D f16 run   2 FEs = 1000174 best-target =      5.16906235 193s
 25% 10D f16 run   3 FEs = 1000174 best-target =      7.68891874 224s
 25% 10D f16 run   4 FEs = 1000174 best-target =      4.99441065 253s
  0% 10D f16 run   5 FEs = 1000174 best-target =      4.22220626 282s
 25% 10D f16 run   6 FEs = 1000174 best-target =     11.33904078 296s
 25% 10D f16 run   7 FEs = 1000174 best-target =     24.12735411 310s
  0% 10D f16 run   8 FEs = 1000174 best-target =      1.57906942 333s
 25% 10D f16 run   9 FEs = 1000174 best-target =      8.02277630 364s
 25% 10D f16 run  10 FEs = 1000174 best-target =     10.26212219 381s
 25% 10D f16 run  11 FEs = 1000174 best-target =     16.02732136 398s
 25% 10D f16 run  12 FEs = 1000174 best-target =     17.48532109 428s
 25% 10D f16 run  13 FEs = 1000174 best-target =      3.68513700 477s
  0% 10D f16 run  14 FEs = 1000174 best-target =      7.46292798 520s
 25% 10D f16 run  15 FEs = 1000174 best-target =      3.67131373 549s
16-02-2014 13:54:55
  0% 10D f19 run   1 FEs = 1000174 best-target =      3.33969112 551s
 25% 10D f19 run   2 FEs = 1000174 best-target =      2.74055477 552s
 25% 10D f19 run   3 FEs = 1000174 best-target =      4.34945391 553s
  0% 10D f19 run   4 FEs = 1000174 best-target =      4.16374163 555s
  0% 10D f19 run   5 FEs = 1000174 best-target =      4.20340112 556s
  0% 10D f19 run   6 FEs = 1000174 best-target =      5.24158516 557s
 25% 10D f19 run   7 FEs = 1000174 best-target =      5.65358493 559s
  0% 10D f19 run   8 FEs = 1000174 best-target =      4.11694218 560s
  0% 10D f19 run   9 FEs = 1000174 best-target =      3.65193953 561s
  0% 10D f19 run  10 FEs = 1000174 best-target =      5.38507141 563s
  0% 10D f19 run  11 FEs = 1000174 best-target =      3.90741820 564s
  0% 10D f19 run  12 FEs = 1000174 best-target =      3.95001105 565s
  0% 10D f19 run  13 FEs = 1000174 best-target =      2.87382543 567s
  0% 10D f19 run  14 FEs = 1000174 best-target =      5.19200128 568s
  0% 10D f19 run  15 FEs = 1000174 best-target =      2.89701309 569s
16-02-2014 13:55:15
  0% 10D f20 run   1 FEs = 1000174 best-target =      0.94810816 572s
  0% 10D f20 run   2 FEs = 1000174 best-target =      0.98370034 575s
  0% 10D f20 run   3 FEs = 1000174 best-target =      1.50602811 577s
  0% 10D f20 run   4 FEs = 1000174 best-target =      0.74255342 580s
  0% 10D f20 run   5 FEs = 1000174 best-target =      1.37831531 583s
  0% 10D f20 run   6 FEs = 1000174 best-target =      0.24937076 585s
  0% 10D f20 run   7 FEs = 1000174 best-target =    272.59703107 588s
  0% 10D f20 run   8 FEs = 1000174 best-target =      1.60849681 591s
  0% 10D f20 run   9 FEs = 1000174 best-target =      1.80070205 593s
  0% 10D f20 run  10 FEs = 1000174 best-target =      0.83295089 596s
  0% 10D f20 run  11 FEs = 1000174 best-target =      0.87198766 601s
  0% 10D f20 run  12 FEs = 1000174 best-target =      0.47459702 606s
  0% 10D f20 run  13 FEs = 1000174 best-target =      1.44131255 614s
  0% 10D f20 run  14 FEs = 1000174 best-target =      2.16421782 622s
  0% 10D f20 run  15 FEs = 1000174 best-target =      1.07825491 630s
16-02-2014 13:56:16
  0% 10D f21 run   1 FEs =   91540 best-target =     -0.00000000 633s
  0% 10D f21 run   2 FEs = 1000174 best-target =     12.19337167 650s
  0% 10D f21 run   3 FEs = 1000174 best-target =      1.96326435 663s
  0% 10D f21 run   4 FEs =  106266 best-target =     -0.00000000 665s
  0% 10D f21 run   5 FEs = 1000174 best-target =      2.00040747 693s
  0% 10D f21 run   6 FEs = 1000174 best-target =      8.38391605 709s
  0% 10D f21 run   7 FEs = 1000174 best-target =      9.48140821 722s
  0% 10D f21 run   8 FEs = 1000174 best-target =      1.82096862 743s
  0% 10D f21 run   9 FEs = 1000174 best-target =      2.00479897 767s
  0% 10D f21 run  10 FEs = 1000174 best-target =      1.95614430 799s
  0% 10D f21 run  11 FEs = 1000174 best-target =      1.99939861 832s
  0% 10D f21 run  12 FEs = 1000174 best-target =      2.36578680 865s
  0% 10D f21 run  13 FEs = 1000174 best-target =      0.00020783 893s
  0% 10D f21 run  14 FEs = 1000174 best-target =      6.23469017 905s
  0% 10D f21 run  15 FEs = 1000174 best-target =      0.00000661 916s
16-02-2014 14:01:01
  1% 10D f22 run   1 FEs = 1000174 best-target =      3.87116007 919s
  1% 10D f22 run   2 FEs = 1000174 best-target =     21.77946438 923s
 25% 10D f22 run   3 FEs = 1000174 best-target =      7.82897899 927s
  0% 10D f22 run   4 FEs = 1000174 best-target =     21.97994583 931s
  1% 10D f22 run   5 FEs = 1000174 best-target =      7.27906006 935s
  0% 10D f22 run   6 FEs = 1000174 best-target =      0.69429666 938s
  0% 10D f22 run   7 FEs = 1000174 best-target =      6.36018449 941s
  0% 10D f22 run   8 FEs = 1000174 best-target =      7.27165992 945s
  0% 10D f22 run   9 FEs = 1000174 best-target =      0.66313048 948s
  0% 10D f22 run  10 FEs = 1000174 best-target =      5.06274783 951s
 24% 10D f22 run  11 FEs = 1000174 best-target =      0.45717497 954s
  0% 10D f22 run  12 FEs = 1000174 best-target =     11.84086878 958s
  0% 10D f22 run  13 FEs = 1000174 best-target =      6.12148444 967s
  0% 10D f22 run  14 FEs = 1000174 best-target =     11.33173844 974s
  0% 10D f22 run  15 FEs = 1000174 best-target =      1.80188755 981s
16-02-2014 14:02:06
  0% 10D f24 run   1 FEs = 1000174 best-target =     83.47118570 984s
  0% 10D f24 run   2 FEs = 1000174 best-target =     63.51387213 987s
  0% 10D f24 run   3 FEs = 1000174 best-target =     44.44925325 990s
  0% 10D f24 run   4 FEs = 1000174 best-target =     76.36835510 993s
  0% 10D f24 run   5 FEs = 1000174 best-target =     67.81846225 998s
  0% 10D f24 run   6 FEs = 1000174 best-target =    106.48801212 1002s
  0% 10D f24 run   7 FEs = 1000174 best-target =     68.66402853 1004s
  0% 10D f24 run   8 FEs = 1000174 best-target =     25.94862986 1008s
  0% 10D f24 run   9 FEs = 1000174 best-target =     78.26473082 1011s
  0% 10D f24 run  10 FEs = 1000174 best-target =     45.60924735 1014s
  0% 10D f24 run  11 FEs = 1000174 best-target =     74.42086531 1017s
  0% 10D f24 run  12 FEs = 1000174 best-target =     75.02185422 1020s
  0% 10D f24 run  13 FEs = 1000174 best-target =     70.54392815 1023s
  0% 10D f24 run  14 FEs = 1000174 best-target =     76.24202937 1026s
  0% 10D f24 run  15 FEs = 1000174 best-target =     70.63061189 1029s
16-02-2014 14:02:55
