BBOB data directory 'demid2_10D' created
01-02-2014 15:02:01
  5% 10D f15 run   1 FEs = 1000000 best-target =     28.70678329 8s
  5% 10D f15 run   2 FEs =  656200 best-target =     -0.00000001 13s
 11% 10D f15 run   3 FEs = 1000000 best-target =     23.40845806 21s
  1% 10D f15 run   4 FEs =  532800 best-target =     -0.00000001 25s
  5% 10D f15 run   5 FEs = 1000000 best-target =     27.04776702 33s
 13% 10D f15 run   6 FEs = 1000000 best-target =     25.06038423 41s
  7% 10D f15 run   7 FEs = 1000000 best-target =     20.83177660 49s
  3% 10D f15 run   8 FEs = 1000000 best-target =      1.66718646 57s
  3% 10D f15 run   9 FEs = 1000000 best-target =     16.75101316 65s
  7% 10D f15 run  10 FEs = 1000000 best-target =     14.31276915 73s
 10% 10D f15 run  11 FEs = 1000000 best-target =     30.75689704 81s
  7% 10D f15 run  12 FEs = 1000000 best-target =     14.13265056 89s
  3% 10D f15 run  13 FEs =  672000 best-target =     -0.00000000 95s
  7% 10D f15 run  14 FEs = 1000000 best-target =     28.64657993 103s
  2% 10D f15 run  15 FEs = 1000000 best-target =     11.24085956 111s
01-02-2014 15:03:53
 44% 10D f16 run   1 FEs = 1000000 best-target =     11.47999170 127s
 43% 10D f16 run   2 FEs = 1000000 best-target =     10.47001043 144s
 45% 10D f16 run   3 FEs = 1000000 best-target =     11.62520187 160s
 44% 10D f16 run   4 FEs = 1000000 best-target =      8.79772965 176s
 43% 10D f16 run   5 FEs = 1000000 best-target =      8.64044804 194s
 43% 10D f16 run   6 FEs = 1000000 best-target =      7.59590442 210s
 43% 10D f16 run   7 FEs = 1000000 best-target =     10.12666214 226s
 43% 10D f16 run   8 FEs = 1000000 best-target =     12.21609522 243s
 42% 10D f16 run   9 FEs = 1000000 best-target =     10.19594248 259s
 44% 10D f16 run  10 FEs = 1000000 best-target =      6.61369227 275s
 43% 10D f16 run  11 FEs = 1000000 best-target =      7.92512157 292s
 42% 10D f16 run  12 FEs = 1000000 best-target =      8.01802005 308s
 41% 10D f16 run  13 FEs = 1000000 best-target =      9.01210416 325s
 40% 10D f16 run  14 FEs = 1000000 best-target =     10.75735237 341s
 43% 10D f16 run  15 FEs = 1000000 best-target =     10.53368747 357s
01-02-2014 15:07:59
  9% 10D f19 run   1 FEs = 1000000 best-target =      3.06788204 359s
 15% 10D f19 run   2 FEs = 1000000 best-target =      1.76433175 361s
  7% 10D f19 run   3 FEs = 1000000 best-target =      2.18550748 363s
 11% 10D f19 run   4 FEs = 1000000 best-target =      1.64325342 365s
 10% 10D f19 run   5 FEs = 1000000 best-target =      2.68196244 367s
 10% 10D f19 run   6 FEs = 1000000 best-target =      2.50379271 369s
  4% 10D f19 run   7 FEs = 1000000 best-target =      2.26118293 371s
 12% 10D f19 run   8 FEs = 1000000 best-target =      2.27619427 373s
 12% 10D f19 run   9 FEs = 1000000 best-target =      2.17682572 375s
 17% 10D f19 run  10 FEs = 1000000 best-target =      2.66347356 377s
 16% 10D f19 run  11 FEs = 1000000 best-target =      2.38746664 379s
 11% 10D f19 run  12 FEs = 1000000 best-target =      2.23701932 381s
 12% 10D f19 run  13 FEs = 1000000 best-target =      2.29031127 383s
  7% 10D f19 run  14 FEs = 1000000 best-target =      2.28672196 385s
  3% 10D f19 run  15 FEs = 1000000 best-target =      2.49201545 387s
01-02-2014 15:08:28
  0% 10D f20 run   1 FEs = 1000000 best-target =      1.58309855 390s
  0% 10D f20 run   2 FEs = 1000000 best-target =      1.84933113 393s
  0% 10D f20 run   3 FEs = 1000000 best-target =      1.80217178 396s
  0% 10D f20 run   4 FEs = 1000000 best-target =      1.77321018 400s
  0% 10D f20 run   5 FEs = 1000000 best-target =      1.84970830 403s
  0% 10D f20 run   6 FEs = 1000000 best-target =      1.76886946 406s
  0% 10D f20 run   7 FEs = 1000000 best-target =      1.75570403 410s
  0% 10D f20 run   8 FEs = 1000000 best-target =      1.69935908 413s
  0% 10D f20 run   9 FEs = 1000000 best-target =      1.77963738 416s
  0% 10D f20 run  10 FEs = 1000000 best-target =      1.72731528 419s
  0% 10D f20 run  11 FEs = 1000000 best-target =      1.79864816 423s
  0% 10D f20 run  12 FEs = 1000000 best-target =      1.38620254 426s
  0% 10D f20 run  13 FEs = 1000000 best-target =      1.76300785 429s
  0% 10D f20 run  14 FEs = 1000000 best-target =      1.67666696 432s
  0% 10D f20 run  15 FEs = 1000000 best-target =      1.56635118 436s
01-02-2014 15:09:17
 25% 10D f21 run   1 FEs = 1000000 best-target =      1.94719946 448s
 17% 10D f21 run   2 FEs = 1000000 best-target =      0.51483141 460s
  3% 10D f21 run   3 FEs =  275600 best-target =     -0.00000001 463s
  4% 10D f21 run   4 FEs = 1000000 best-target =      0.11641943 475s
 16% 10D f21 run   5 FEs = 1000000 best-target =      2.08744999 487s
 17% 10D f21 run   6 FEs = 1000000 best-target =      1.97279811 499s
  9% 10D f21 run   7 FEs = 1000000 best-target =      0.51965641 510s
  1% 10D f21 run   8 FEs =  333400 best-target =     -0.00000001 514s
 14% 10D f21 run   9 FEs = 1000000 best-target =      0.41850403 526s
 17% 10D f21 run  10 FEs = 1000000 best-target =      1.99160905 537s
 21% 10D f21 run  11 FEs = 1000000 best-target =      4.20997841 549s
 18% 10D f21 run  12 FEs = 1000000 best-target =      1.97359816 561s
  3% 10D f21 run  13 FEs =  234800 best-target =     -0.00000001 563s
  3% 10D f21 run  14 FEs =  256000 best-target =     -0.00000001 566s
 18% 10D f21 run  15 FEs = 1000000 best-target =      2.27792057 578s
01-02-2014 15:11:40
  1% 10D f22 run   1 FEs = 1000000 best-target =      1.95499885 582s
  1% 10D f22 run   2 FEs = 1000000 best-target =      1.95499885 585s
 22% 10D f22 run   3 FEs = 1000000 best-target =      2.28954218 589s
  3% 10D f22 run   4 FEs = 1000000 best-target =      0.69185690 593s
 24% 10D f22 run   5 FEs = 1000000 best-target =      1.85999351 597s
  2% 10D f22 run   6 FEs = 1000000 best-target =      0.69185690 600s
 16% 10D f22 run   7 FEs = 1000000 best-target =      0.54111641 604s
 34% 10D f22 run   8 FEs = 1000000 best-target =      3.80169092 608s
 26% 10D f22 run   9 FEs = 1000000 best-target =      2.43151636 612s
  3% 10D f22 run  10 FEs = 1000000 best-target =      0.69185690 615s
 16% 10D f22 run  11 FEs = 1000000 best-target =      2.98120863 619s
  1% 10D f22 run  12 FEs = 1000000 best-target =      0.69185690 623s
 31% 10D f22 run  13 FEs = 1000000 best-target =      3.65042780 626s
 28% 10D f22 run  14 FEs = 1000000 best-target =     11.30617926 630s
 32% 10D f22 run  15 FEs = 1000000 best-target =      4.73609553 634s
01-02-2014 15:12:36
  0% 10D f24 run   1 FEs = 1000000 best-target =     39.95541491 636s
  0% 10D f24 run   2 FEs = 1000000 best-target =     37.65084431 638s
  0% 10D f24 run   3 FEs = 1000000 best-target =     41.04618714 641s
  0% 10D f24 run   4 FEs = 1000000 best-target =     52.08293200 643s
  0% 10D f24 run   5 FEs = 1000000 best-target =     40.76131082 645s
  0% 10D f24 run   6 FEs = 1000000 best-target =     40.12522977 647s
  0% 10D f24 run   7 FEs = 1000000 best-target =     40.07657526 649s
  0% 10D f24 run   8 FEs = 1000000 best-target =     43.49056395 651s
  0% 10D f24 run   9 FEs = 1000000 best-target =     38.68200288 654s
  0% 10D f24 run  10 FEs = 1000000 best-target =     34.85543044 656s
  0% 10D f24 run  11 FEs = 1000000 best-target =     39.95176224 658s
  0% 10D f24 run  12 FEs = 1000000 best-target =     45.02770549 659s
  0% 10D f24 run  13 FEs = 1000000 best-target =     44.97940440 661s
  0% 10D f24 run  14 FEs = 1000000 best-target =     40.92641043 663s
  0% 10D f24 run  15 FEs = 1000000 best-target =     35.80747443 664s
01-02-2014 15:13:06
---- 10-D done ----
