BBOB data directory 'debest1_20D' created
16-02-2014 13:47:13
  1% 20D f15 run   1 FEs = 2000586 best-target =    135.84409273 41s
  0% 20D f15 run   2 FEs = 2000586 best-target =    118.38928254 91s
  1% 20D f15 run   3 FEs = 2000586 best-target =    117.05341031 173s
 25% 20D f15 run   4 FEs = 2000586 best-target =    106.33471008 245s
 25% 20D f15 run   5 FEs = 2000586 best-target =    184.06031112 310s
  1% 20D f15 run   6 FEs = 2000586 best-target =    136.59222482 395s
 25% 20D f15 run   7 FEs = 2000586 best-target =    107.80748097 451s
  1% 20D f15 run   8 FEs = 2000586 best-target =    121.25362534 510s
 24% 20D f15 run   9 FEs = 2000586 best-target =    156.70424018 588s
  1% 20D f15 run  10 FEs = 2000586 best-target =    114.58037461 632s
  1% 20D f15 run  11 FEs = 2000586 best-target =    188.75235079 685s
  1% 20D f15 run  12 FEs = 2000586 best-target =     58.74276146 714s
 25% 20D f15 run  13 FEs = 2000586 best-target =    199.04185750 772s
  1% 20D f15 run  14 FEs = 2000586 best-target =     88.98776168 833s
  1% 20D f15 run  15 FEs = 2000586 best-target =    136.51962331 900s
16-02-2014 14:02:14
 25% 20D f16 run   1 FEs = 2000586 best-target =      9.29150941 1005s
 25% 20D f16 run   2 FEs = 2000586 best-target =     18.07841615 1093s
 25% 20D f16 run   3 FEs = 2000586 best-target =     19.13923451 1158s
  1% 20D f16 run   4 FEs = 2000586 best-target =     16.36649585 1251s
 25% 20D f16 run   5 FEs = 2000586 best-target =      5.23330931 1314s
 24% 20D f16 run   6 FEs = 2000586 best-target =     12.01038530 1374s
 25% 20D f16 run   7 FEs = 2000586 best-target =      9.83823423 1435s
 25% 20D f16 run   8 FEs = 2000586 best-target =     19.01505495 1495s
 25% 20D f16 run   9 FEs = 2000586 best-target =      6.91082100 1554s
 25% 20D f16 run  10 FEs = 2000586 best-target =     11.32003963 1616s
 25% 20D f16 run  11 FEs = 2000586 best-target =      5.31203472 1677s
 25% 20D f16 run  12 FEs = 2000586 best-target =     10.31511064 1737s
 25% 20D f16 run  13 FEs = 2000586 best-target =     18.71192116 1800s
 25% 20D f16 run  14 FEs = 2000586 best-target =     11.24682147 1861s
  1% 20D f16 run  15 FEs = 2000586 best-target =     13.55904232 1923s
16-02-2014 14:19:17
  0% 20D f19 run   1 FEs = 2000586 best-target =      5.35683004 1929s
  0% 20D f19 run   2 FEs = 2000586 best-target =      6.99049215 1935s
  0% 20D f19 run   3 FEs = 2000586 best-target =      5.58431290 1941s
 23% 20D f19 run   4 FEs = 2000586 best-target =      4.46293521 1947s
  0% 20D f19 run   5 FEs = 2000586 best-target =      6.97223139 1952s
  0% 20D f19 run   6 FEs = 2000586 best-target =      7.51683920 1959s
  0% 20D f19 run   7 FEs = 2000586 best-target =      6.93073636 1964s
  0% 20D f19 run   8 FEs = 2000586 best-target =      5.82189597 1971s
  0% 20D f19 run   9 FEs = 2000586 best-target =      5.76217647 1977s
  0% 20D f19 run  10 FEs = 2000586 best-target =      7.75880068 1983s
  0% 20D f19 run  11 FEs = 2000586 best-target =      4.92139298 1989s
  0% 20D f19 run  12 FEs = 2000586 best-target =      5.96362711 1995s
  0% 20D f19 run  13 FEs = 2000586 best-target =      5.53039703 2001s
  0% 20D f19 run  14 FEs = 2000586 best-target =      6.43256186 2007s
  0% 20D f19 run  15 FEs = 2000586 best-target =      5.21686075 2012s
16-02-2014 14:20:46
  0% 20D f20 run   1 FEs = 2000586 best-target =      1.66423204 2023s
  0% 20D f20 run   2 FEs = 2000586 best-target =      1.51465621 2034s
  0% 20D f20 run   3 FEs = 2000586 best-target =      1.54246178 2044s
  0% 20D f20 run   4 FEs = 2000586 best-target =      1.14371486 2055s
  0% 20D f20 run   5 FEs = 2000586 best-target =      1.80412835 2066s
  0% 20D f20 run   6 FEs = 2000586 best-target =      1.31493890 2076s
  0% 20D f20 run   7 FEs = 2000586 best-target =    362.44183262 2087s
  0% 20D f20 run   8 FEs = 2000586 best-target =      0.95099214 2098s
  0% 20D f20 run   9 FEs = 2000586 best-target =      2.10011503 2108s
  0% 20D f20 run  10 FEs = 2000586 best-target =   2026.41662290 2119s
  0% 20D f20 run  11 FEs = 2000586 best-target =      1.24807448 2130s
  0% 20D f20 run  12 FEs = 2000586 best-target =      1.23615610 2140s
  0% 20D f20 run  13 FEs = 2000586 best-target =      1.36673986 2151s
  0% 20D f20 run  14 FEs = 2000586 best-target =   2032.31348984 2162s
  0% 20D f20 run  15 FEs = 2000586 best-target =      3.25495006 2173s
16-02-2014 14:23:27
  0% 20D f21 run   1 FEs = 2000586 best-target =      7.49306688 2205s
  1% 20D f21 run   2 FEs = 2000586 best-target =      4.50539672 2237s
  0% 20D f21 run   3 FEs = 2000586 best-target =     37.87920642 2269s
 23% 20D f21 run   4 FEs = 2000586 best-target =      2.81781361 2301s
  0% 20D f21 run   5 FEs = 2000586 best-target =     15.83070059 2334s
  0% 20D f21 run   6 FEs = 2000586 best-target =     10.18077356 2366s
  1% 20D f21 run   7 FEs = 2000586 best-target =      2.58855925 2398s
  1% 20D f21 run   8 FEs = 2000586 best-target =      6.96379864 2430s
  1% 20D f21 run   9 FEs = 2000586 best-target =      2.12688426 2463s
  0% 20D f21 run  10 FEs = 2000586 best-target =      4.67799290 2495s
  0% 20D f21 run  11 FEs = 2000586 best-target =      8.17310476 2527s
  0% 20D f21 run  12 FEs = 2000586 best-target =     63.75130413 2560s
  1% 20D f21 run  13 FEs = 2000586 best-target =      8.33946939 2593s
  0% 20D f21 run  14 FEs = 2000586 best-target =     22.09768984 2625s
  0% 20D f21 run  15 FEs = 2000586 best-target =      0.28872034 2657s
16-02-2014 14:31:31
  1% 20D f22 run   1 FEs = 2000586 best-target =     17.89097519 2667s
  1% 20D f22 run   2 FEs = 2000586 best-target =      1.98368074 2678s
  0% 20D f22 run   3 FEs = 2000586 best-target =     29.35257798 2688s
  0% 20D f22 run   4 FEs = 2000586 best-target =      0.73571547 2699s
  0% 20D f22 run   5 FEs = 2000586 best-target =     21.60365597 2709s
  0% 20D f22 run   6 FEs = 2000586 best-target =     56.68839867 2719s
  0% 20D f22 run   7 FEs = 2000586 best-target =     10.44263180 2730s
  1% 20D f22 run   8 FEs = 2000586 best-target =      8.78640035 2740s
  1% 20D f22 run   9 FEs = 2000586 best-target =      9.99114545 2751s
  1% 20D f22 run  10 FEs = 2000586 best-target =      0.70319203 2761s
 24% 20D f22 run  11 FEs = 2000586 best-target =     22.90551923 2771s
  0% 20D f22 run  12 FEs = 2000586 best-target =     47.64341049 2781s
  0% 20D f22 run  13 FEs = 2000586 best-target =     38.76305984 2792s
  1% 20D f22 run  14 FEs = 2000586 best-target =     12.32844237 2802s
  1% 20D f22 run  15 FEs = 2000586 best-target =      4.65585924 2813s
16-02-2014 14:34:07
  0% 20D f24 run   1 FEs = 2000586 best-target =    208.54529174 2819s
  0% 20D f24 run   2 FEs = 2000586 best-target =    200.47639654 2826s
  0% 20D f24 run   3 FEs = 2000586 best-target =    173.22325889 2833s
  0% 20D f24 run   4 FEs = 2000586 best-target =    142.51506704 2840s
  0% 20D f24 run   5 FEs = 2000586 best-target =    152.86359999 2847s
  0% 20D f24 run   6 FEs = 2000586 best-target =    192.01082308 2854s
  0% 20D f24 run   7 FEs = 2000586 best-target =    150.06072934 2861s
  0% 20D f24 run   8 FEs = 2000586 best-target =    240.59943347 2868s
  0% 20D f24 run   9 FEs = 2000586 best-target =    204.84601180 2875s
  0% 20D f24 run  10 FEs = 2000586 best-target =    222.08493182 2882s
  0% 20D f24 run  11 FEs = 2000586 best-target =    185.74729662 2889s
  0% 20D f24 run  12 FEs = 2000586 best-target =    259.29917195 2897s
  0% 20D f24 run  13 FEs = 2000586 best-target =    204.40660610 2904s
  0% 20D f24 run  14 FEs = 2000586 best-target =    217.88641177 2911s
  0% 20D f24 run  15 FEs = 2000586 best-target =    136.83698903 2918s
16-02-2014 14:35:51
