BBOB data directory 'debestinf_20D' created
16-02-2014 13:47:13
 22% 20D f15 run   1 FEs = 2000586 best-target =    207.26902900 94s
 23% 20D f15 run   2 FEs = 2000586 best-target =    311.16530525 175s
 24% 20D f15 run   3 FEs = 2000586 best-target =    245.04035320 261s
 24% 20D f15 run   4 FEs = 2000586 best-target =    240.34586392 330s
 23% 20D f15 run   5 FEs = 2000586 best-target =    264.92997608 381s
 24% 20D f15 run   6 FEs = 2000586 best-target =    293.89508211 484s
 24% 20D f15 run   7 FEs = 2000586 best-target =    300.07795745 545s
 22% 20D f15 run   8 FEs = 2000586 best-target =    272.48089078 600s
 22% 20D f15 run   9 FEs = 2000586 best-target =    284.35993938 675s
 24% 20D f15 run  10 FEs = 2000586 best-target =    262.19159718 782s
 22% 20D f15 run  11 FEs = 2000586 best-target =    256.57148207 856s
 24% 20D f15 run  12 FEs = 2000586 best-target =    331.46622253 912s
 23% 20D f15 run  13 FEs = 2000586 best-target =    287.91478884 949s
 23% 20D f15 run  14 FEs = 2000586 best-target =    271.35608487 987s
 23% 20D f15 run  15 FEs = 2000586 best-target =    297.89680233 1026s
16-02-2014 14:04:20
 22% 20D f16 run   1 FEs = 2000586 best-target =     28.50213616 1193s
 22% 20D f16 run   2 FEs = 2000586 best-target =     29.22261498 1289s
 22% 20D f16 run   3 FEs = 2000586 best-target =     31.83374814 1369s
 22% 20D f16 run   4 FEs = 2000586 best-target =     28.75828632 1441s
 22% 20D f16 run   5 FEs = 2000586 best-target =     33.26406033 1512s
 20% 20D f16 run   6 FEs = 2000586 best-target =     33.26119274 1582s
 22% 20D f16 run   7 FEs = 2000586 best-target =     26.61215359 1651s
 22% 20D f16 run   8 FEs = 2000586 best-target =     27.64486136 1721s
 22% 20D f16 run   9 FEs = 2000586 best-target =     32.72395608 1790s
 22% 20D f16 run  10 FEs = 2000586 best-target =     21.71775419 1859s
 22% 20D f16 run  11 FEs = 2000586 best-target =     34.97097644 1929s
 22% 20D f16 run  12 FEs = 2000586 best-target =     33.53887845 1998s
 22% 20D f16 run  13 FEs = 2000586 best-target =     29.90066527 2069s
 20% 20D f16 run  14 FEs = 2000586 best-target =     31.05138721 2139s
 22% 20D f16 run  15 FEs = 2000586 best-target =     31.48574156 2209s
16-02-2014 14:24:03
 15% 20D f19 run   1 FEs = 2000586 best-target =      8.49031320 2220s
 14% 20D f19 run   2 FEs = 2000586 best-target =      7.34916016 2231s
 17% 20D f19 run   3 FEs = 2000586 best-target =     11.40378236 2242s
 18% 20D f19 run   4 FEs = 2000586 best-target =      9.21774616 2252s
 15% 20D f19 run   5 FEs = 2000586 best-target =     10.14555800 2263s
 16% 20D f19 run   6 FEs = 2000586 best-target =      8.35276633 2274s
 15% 20D f19 run   7 FEs = 2000586 best-target =     10.04226379 2285s
 15% 20D f19 run   8 FEs = 2000586 best-target =      9.27790186 2295s
 15% 20D f19 run   9 FEs = 2000586 best-target =      8.31239982 2307s
 12% 20D f19 run  10 FEs = 2000586 best-target =      8.96402210 2317s
 14% 20D f19 run  11 FEs = 2000586 best-target =      8.57449761 2328s
 15% 20D f19 run  12 FEs = 2000586 best-target =      9.89327504 2339s
 15% 20D f19 run  13 FEs = 2000586 best-target =      8.22538760 2350s
 13% 20D f19 run  14 FEs = 2000586 best-target =      7.65644697 2361s
 15% 20D f19 run  15 FEs = 2000586 best-target =      9.16444980 2372s
16-02-2014 14:26:45
 14% 20D f20 run   1 FEs = 2000586 best-target =    426.83116900 2387s
 13% 20D f20 run   2 FEs = 2000586 best-target =    699.93330007 2402s
 13% 20D f20 run   3 FEs = 2000586 best-target =     35.64588514 2418s
 12% 20D f20 run   4 FEs = 2000586 best-target =      3.71447721 2433s
 13% 20D f20 run   5 FEs = 2000586 best-target =     87.38686173 2449s
 13% 20D f20 run   6 FEs = 2000586 best-target =    133.85906855 2464s
 10% 20D f20 run   7 FEs = 2000586 best-target =    188.56913306 2479s
 12% 20D f20 run   8 FEs = 2000586 best-target =     30.58397668 2494s
 12% 20D f20 run   9 FEs = 2000586 best-target =    223.18113755 2510s
 11% 20D f20 run  10 FEs = 2000586 best-target =     77.92313016 2525s
 12% 20D f20 run  11 FEs = 2000586 best-target =     66.77587500 2541s
 13% 20D f20 run  12 FEs = 2000586 best-target =     88.40696326 2556s
 13% 20D f20 run  13 FEs = 2000586 best-target =     21.37185841 2572s
 13% 20D f20 run  14 FEs = 2000586 best-target =     99.40830785 2587s
 13% 20D f20 run  15 FEs = 2000586 best-target =    165.13580724 2603s
16-02-2014 14:30:36
 14% 20D f21 run   1 FEs = 2000586 best-target =     61.54645388 2638s
 16% 20D f21 run   2 FEs = 2000586 best-target =     66.37286452 2674s
 14% 20D f21 run   3 FEs = 2000586 best-target =     64.21743332 2710s
 15% 20D f21 run   4 FEs = 2000586 best-target =     57.79928782 2746s
 16% 20D f21 run   5 FEs = 2000586 best-target =     33.62889222 2781s
 15% 20D f21 run   6 FEs = 2000586 best-target =     65.05426855 2817s
 15% 20D f21 run   7 FEs = 2000586 best-target =     66.79897892 2853s
 16% 20D f21 run   8 FEs = 2000586 best-target =     58.25787496 2888s
 16% 20D f21 run   9 FEs = 2000586 best-target =     36.76630333 2924s
 14% 20D f21 run  10 FEs = 2000586 best-target =     67.97135475 2959s
 16% 20D f21 run  11 FEs = 2000586 best-target =     50.72026696 2995s
 17% 20D f21 run  12 FEs = 2000586 best-target =     60.86017396 3031s
 17% 20D f21 run  13 FEs = 2000586 best-target =     63.52011799 3066s
 15% 20D f21 run  14 FEs = 2000586 best-target =     67.39376747 3102s
 17% 20D f21 run  15 FEs = 2000586 best-target =     22.68262894 3138s
16-02-2014 14:39:32
 18% 20D f22 run   1 FEs = 2000586 best-target =     35.19910904 3153s
 18% 20D f22 run   2 FEs = 2000586 best-target =     23.29269916 3168s
 16% 20D f22 run   3 FEs = 2000586 best-target =     31.33761633 3183s
 15% 20D f22 run   4 FEs = 2000586 best-target =      9.80816746 3198s
 17% 20D f22 run   5 FEs = 2000586 best-target =     53.49103641 3213s
 12% 20D f22 run   6 FEs = 2000586 best-target =     66.54336303 3228s
 14% 20D f22 run   7 FEs = 2000586 best-target =     64.86455849 3243s
 17% 20D f22 run   8 FEs = 2000586 best-target =     27.25948153 3258s
 16% 20D f22 run   9 FEs = 2000586 best-target =     41.24608292 3273s
 16% 20D f22 run  10 FEs = 2000586 best-target =     61.13422220 3287s
 19% 20D f22 run  11 FEs = 2000586 best-target =     14.92496931 3302s
 19% 20D f22 run  12 FEs = 2000586 best-target =     26.69637166 3317s
 14% 20D f22 run  13 FEs = 2000586 best-target =     72.05576023 3331s
 17% 20D f22 run  14 FEs = 2000586 best-target =     48.75499203 3346s
 13% 20D f22 run  15 FEs = 2000586 best-target =     66.78483423 3361s
16-02-2014 14:43:15
  1% 20D f24 run   1 FEs = 2000586 best-target =    259.42573283 3372s
  2% 20D f24 run   2 FEs = 2000586 best-target =    346.74110341 3384s
  2% 20D f24 run   3 FEs = 2000586 best-target =    278.14845462 3396s
  2% 20D f24 run   4 FEs = 2000586 best-target =    233.22373094 3408s
  2% 20D f24 run   5 FEs = 2000586 best-target =    290.41875085 3420s
  1% 20D f24 run   6 FEs = 2000586 best-target =    340.73863665 3431s
  1% 20D f24 run   7 FEs = 2000586 best-target =    255.47813672 3443s
  2% 20D f24 run   8 FEs = 2000586 best-target =    299.56690533 3454s
  2% 20D f24 run   9 FEs = 2000586 best-target =    235.49874232 3466s
  2% 20D f24 run  10 FEs = 2000586 best-target =    244.45263974 3477s
  2% 20D f24 run  11 FEs = 2000586 best-target =    284.16059917 3489s
  1% 20D f24 run  12 FEs = 2000586 best-target =    298.63118081 3500s
  2% 20D f24 run  13 FEs = 2000586 best-target =    308.09072121 3512s
  2% 20D f24 run  14 FEs = 2000586 best-target =    319.63553808 3523s
  1% 20D f24 run  15 FEs = 2000586 best-target =    257.19743225 3535s
16-02-2014 14:46:09
