BBOB data directory 'debest6_20D' created
16-02-2014 13:47:14
 23% 20D f15 run   1 FEs = 2000586 best-target =    261.32254169 60s
 23% 20D f15 run   2 FEs = 2000586 best-target =    253.18607030 109s
 24% 20D f15 run   3 FEs = 2000586 best-target =    291.34755436 176s
 24% 20D f15 run   4 FEs = 2000586 best-target =    308.08726495 244s
 23% 20D f15 run   5 FEs = 2000586 best-target =    315.32495208 332s
 24% 20D f15 run   6 FEs = 2000586 best-target =    288.53325438 402s
 23% 20D f15 run   7 FEs = 2000586 best-target =    283.24258669 435s
 23% 20D f15 run   8 FEs = 2000586 best-target =    256.02525914 529s
 22% 20D f15 run   9 FEs = 2000586 best-target =    246.29656556 583s
 24% 20D f15 run  10 FEs = 2000586 best-target =    351.65134624 651s
 23% 20D f15 run  11 FEs = 2000586 best-target =    288.94263937 736s
 24% 20D f15 run  12 FEs = 2000586 best-target =    341.52531689 823s
 24% 20D f15 run  13 FEs = 2000586 best-target =    295.91542308 862s
 23% 20D f15 run  14 FEs = 2000586 best-target =    282.90487317 912s
 23% 20D f15 run  15 FEs = 2000586 best-target =    269.65904003 963s
16-02-2014 14:03:17
 22% 20D f16 run   1 FEs = 2000586 best-target =     29.58582881 1119s
 21% 20D f16 run   2 FEs = 2000586 best-target =     32.80960337 1206s
 22% 20D f16 run   3 FEs = 2000586 best-target =     24.12317455 1272s
 22% 20D f16 run   4 FEs = 2000586 best-target =     31.42589640 1340s
 22% 20D f16 run   5 FEs = 2000586 best-target =     33.74663920 1417s
 21% 20D f16 run   6 FEs = 2000586 best-target =     31.41162779 1484s
 22% 20D f16 run   7 FEs = 2000586 best-target =     29.90810736 1551s
 22% 20D f16 run   8 FEs = 2000586 best-target =     28.81009115 1619s
 21% 20D f16 run   9 FEs = 2000586 best-target =     25.18759130 1686s
 21% 20D f16 run  10 FEs = 2000586 best-target =     32.91703422 1753s
 23% 20D f16 run  11 FEs = 2000586 best-target =     27.23744209 1819s
 21% 20D f16 run  12 FEs = 2000586 best-target =     24.17872942 1885s
 21% 20D f16 run  13 FEs = 2000586 best-target =     32.57346698 1951s
 22% 20D f16 run  14 FEs = 2000586 best-target =     29.49750232 2018s
 21% 20D f16 run  15 FEs = 2000586 best-target =     30.44899370 2085s
16-02-2014 14:21:59
 15% 20D f19 run   1 FEs = 2000586 best-target =      8.37913485 2092s
 15% 20D f19 run   2 FEs = 2000586 best-target =      7.92380299 2100s
 17% 20D f19 run   3 FEs = 2000586 best-target =     11.96193539 2107s
 17% 20D f19 run   4 FEs = 2000586 best-target =      9.60662442 2115s
 16% 20D f19 run   5 FEs = 2000586 best-target =      8.07377495 2122s
 15% 20D f19 run   6 FEs = 2000586 best-target =      9.54611847 2130s
 17% 20D f19 run   7 FEs = 2000586 best-target =     10.13486682 2137s
 16% 20D f19 run   8 FEs = 2000586 best-target =      9.57439662 2145s
 16% 20D f19 run   9 FEs = 2000586 best-target =      9.28444216 2152s
 16% 20D f19 run  10 FEs = 2000586 best-target =      6.94227466 2160s
 16% 20D f19 run  11 FEs = 2000586 best-target =      8.77020169 2167s
 15% 20D f19 run  12 FEs = 2000586 best-target =      8.00949533 2175s
 13% 20D f19 run  13 FEs = 2000586 best-target =      8.42409964 2182s
 14% 20D f19 run  14 FEs = 2000586 best-target =     10.07127949 2190s
 17% 20D f19 run  15 FEs = 2000586 best-target =      9.15769229 2197s
16-02-2014 14:23:51
 14% 20D f20 run   1 FEs = 2000586 best-target =     29.36192471 2209s
 15% 20D f20 run   2 FEs = 2000586 best-target =    204.52489065 2221s
 16% 20D f20 run   3 FEs = 2000586 best-target =    149.27844374 2233s
 13% 20D f20 run   4 FEs = 2000586 best-target =    173.13131109 2245s
 13% 20D f20 run   5 FEs = 2000586 best-target =      4.66506948 2257s
 12% 20D f20 run   6 FEs = 2000586 best-target =      9.44161057 2269s
 14% 20D f20 run   7 FEs = 2000586 best-target =     95.66756394 2281s
 13% 20D f20 run   8 FEs = 2000586 best-target =    269.27618655 2292s
 13% 20D f20 run   9 FEs = 2000586 best-target =     50.82702081 2305s
 15% 20D f20 run  10 FEs = 2000586 best-target =    273.26887396 2317s
 12% 20D f20 run  11 FEs = 2000586 best-target =     78.79042200 2329s
 14% 20D f20 run  12 FEs = 2000586 best-target =    284.85389471 2341s
 13% 20D f20 run  13 FEs = 2000586 best-target =    375.26540673 2353s
 15% 20D f20 run  14 FEs = 2000586 best-target =    528.33663193 2365s
 14% 20D f20 run  15 FEs = 2000586 best-target =     87.06585892 2377s
16-02-2014 14:26:51
 14% 20D f21 run   1 FEs = 2000586 best-target =     70.03126506 2411s
 14% 20D f21 run   2 FEs = 2000586 best-target =     69.31808203 2444s
 12% 20D f21 run   3 FEs = 2000586 best-target =     65.45869094 2478s
 16% 20D f21 run   4 FEs = 2000586 best-target =     57.63292120 2511s
 15% 20D f21 run   5 FEs = 2000586 best-target =     61.57379440 2545s
 16% 20D f21 run   6 FEs = 2000586 best-target =     48.73531370 2578s
 16% 20D f21 run   7 FEs = 2000586 best-target =     61.71187685 2612s
 14% 20D f21 run   8 FEs = 2000586 best-target =     48.94318817 2646s
 16% 20D f21 run   9 FEs = 2000586 best-target =     56.30140566 2680s
 16% 20D f21 run  10 FEs = 2000586 best-target =     46.88500602 2713s
 16% 20D f21 run  11 FEs = 2000586 best-target =     66.24877629 2747s
 14% 20D f21 run  12 FEs = 2000586 best-target =     69.41095176 2781s
 16% 20D f21 run  13 FEs = 2000586 best-target =     42.73951366 2815s
 15% 20D f21 run  14 FEs = 2000586 best-target =     63.46347191 2848s
 15% 20D f21 run  15 FEs = 2000586 best-target =     63.95600760 2882s
16-02-2014 14:35:16
 16% 20D f22 run   1 FEs = 2000586 best-target =     50.77596625 2893s
  9% 20D f22 run   2 FEs = 2000586 best-target =     76.24638897 2904s
 15% 20D f22 run   3 FEs = 2000586 best-target =     46.19426645 2915s
 17% 20D f22 run   4 FEs = 2000586 best-target =     44.88488122 2927s
 17% 20D f22 run   5 FEs = 2000586 best-target =     68.35214095 2938s
 17% 20D f22 run   6 FEs = 2000586 best-target =     51.84189709 2950s
 14% 20D f22 run   7 FEs = 2000586 best-target =     64.49477668 2961s
 15% 20D f22 run   8 FEs = 2000586 best-target =     39.16603159 2973s
 18% 20D f22 run   9 FEs = 2000586 best-target =     44.95265241 2984s
 17% 20D f22 run  10 FEs = 2000586 best-target =     60.84865711 2996s
 17% 20D f22 run  11 FEs = 2000586 best-target =     58.27380826 3008s
 13% 20D f22 run  12 FEs = 2000586 best-target =     68.87370866 3019s
 14% 20D f22 run  13 FEs = 2000586 best-target =     66.13601586 3031s
 15% 20D f22 run  14 FEs = 2000586 best-target =     68.81731808 3042s
 16% 20D f22 run  15 FEs = 2000586 best-target =     26.67266027 3053s
16-02-2014 14:38:07
  2% 20D f24 run   1 FEs = 2000586 best-target =    277.59753207 3062s
  1% 20D f24 run   2 FEs = 2000586 best-target =    280.92449348 3070s
  2% 20D f24 run   3 FEs = 2000586 best-target =    283.45916919 3079s
  2% 20D f24 run   4 FEs = 2000586 best-target =    310.91549913 3087s
  1% 20D f24 run   5 FEs = 2000586 best-target =    285.22314109 3095s
  2% 20D f24 run   6 FEs = 2000586 best-target =    308.01235262 3104s
  2% 20D f24 run   7 FEs = 2000586 best-target =    279.43235662 3112s
  2% 20D f24 run   8 FEs = 2000586 best-target =    302.34679122 3121s
  2% 20D f24 run   9 FEs = 2000586 best-target =    245.77526831 3129s
  1% 20D f24 run  10 FEs = 2000586 best-target =    259.58332813 3137s
  1% 20D f24 run  11 FEs = 2000586 best-target =    363.09415171 3145s
  1% 20D f24 run  12 FEs = 2000586 best-target =    315.88042381 3153s
  2% 20D f24 run  13 FEs = 2000586 best-target =    300.67708071 3162s
  2% 20D f24 run  14 FEs = 2000586 best-target =    292.92737006 3170s
  1% 20D f24 run  15 FEs = 2000586 best-target =    288.04268092 3178s
16-02-2014 14:40:12
