BBOB data directory 'debest2_20D' created
16-02-2014 13:47:14
 20% 20D f15 run   1 FEs = 2000586 best-target =    149.92094871 59s
 23% 20D f15 run   2 FEs = 2000586 best-target =    204.34009193 101s
 22% 20D f15 run   3 FEs = 2000586 best-target =    228.77771359 144s
 23% 20D f15 run   4 FEs = 2000586 best-target =    186.53827723 194s
 21% 20D f15 run   5 FEs = 2000586 best-target =    190.17071829 260s
 23% 20D f15 run   6 FEs = 2000586 best-target =    207.71919068 326s
 22% 20D f15 run   7 FEs = 2000586 best-target =    207.75901935 393s
 22% 20D f15 run   8 FEs = 2000586 best-target =    210.07519816 479s
 20% 20D f15 run   9 FEs = 2000586 best-target =    210.43732634 562s
 23% 20D f15 run  10 FEs = 2000586 best-target =    225.85205960 640s
 20% 20D f15 run  11 FEs = 2000586 best-target =    218.94966948 704s
 24% 20D f15 run  12 FEs = 2000586 best-target =    224.87991364 770s
 22% 20D f15 run  13 FEs = 2000586 best-target =    233.96993234 857s
 21% 20D f15 run  14 FEs = 2000586 best-target =    206.16783576 958s
 21% 20D f15 run  15 FEs = 2000586 best-target =    197.93480690 1019s
16-02-2014 14:04:13
 22% 20D f16 run   1 FEs = 2000586 best-target =     28.41330204 1081s
 22% 20D f16 run   2 FEs = 2000586 best-target =     27.29459662 1178s
 22% 20D f16 run   3 FEs = 2000586 best-target =     24.12186097 1293s
 22% 20D f16 run   4 FEs = 2000586 best-target =     28.76709386 1384s
 23% 20D f16 run   5 FEs = 2000586 best-target =     33.09073565 1450s
 22% 20D f16 run   6 FEs = 2000586 best-target =     24.74842887 1516s
 22% 20D f16 run   7 FEs = 2000586 best-target =     27.82147287 1582s
 23% 20D f16 run   8 FEs = 2000586 best-target =     30.28406252 1649s
 22% 20D f16 run   9 FEs = 2000586 best-target =     21.54282248 1715s
 22% 20D f16 run  10 FEs = 2000586 best-target =     29.65204449 1781s
 22% 20D f16 run  11 FEs = 2000586 best-target =     24.73767053 1847s
 21% 20D f16 run  12 FEs = 2000586 best-target =     28.65391261 1914s
 22% 20D f16 run  13 FEs = 2000586 best-target =     23.47044468 1980s
 21% 20D f16 run  14 FEs = 2000586 best-target =     33.89694584 2046s
 22% 20D f16 run  15 FEs = 2000586 best-target =     30.83890424 2112s
16-02-2014 14:22:26
 14% 20D f19 run   1 FEs = 2000586 best-target =      7.41365941 2119s
  8% 20D f19 run   2 FEs = 2000586 best-target =      8.04638179 2126s
 12% 20D f19 run   3 FEs = 2000586 best-target =      7.17941832 2133s
 10% 20D f19 run   4 FEs = 2000586 best-target =      7.03694974 2139s
 11% 20D f19 run   5 FEs = 2000586 best-target =      7.01342412 2146s
 12% 20D f19 run   6 FEs = 2000586 best-target =      7.59205673 2153s
 14% 20D f19 run   7 FEs = 2000586 best-target =      6.10965358 2160s
 13% 20D f19 run   8 FEs = 2000586 best-target =      7.82624043 2166s
 14% 20D f19 run   9 FEs = 2000586 best-target =      7.70646665 2173s
  9% 20D f19 run  10 FEs = 2000586 best-target =      7.44875016 2180s
 11% 20D f19 run  11 FEs = 2000586 best-target =      8.19300025 2187s
  8% 20D f19 run  12 FEs = 2000586 best-target =      7.88254183 2193s
  9% 20D f19 run  13 FEs = 2000586 best-target =      7.41823199 2200s
  9% 20D f19 run  14 FEs = 2000586 best-target =      7.07144216 2207s
 11% 20D f19 run  15 FEs = 2000586 best-target =      6.99082801 2214s
16-02-2014 14:24:07
  7% 20D f20 run   1 FEs = 2000586 best-target =      3.06574565 2225s
  9% 20D f20 run   2 FEs = 2000586 best-target =      3.68536613 2236s
  8% 20D f20 run   3 FEs = 2000586 best-target =      3.43033159 2248s
  9% 20D f20 run   4 FEs = 2000586 best-target =      3.24137872 2259s
  8% 20D f20 run   5 FEs = 2000586 best-target =      2.97317117 2270s
  8% 20D f20 run   6 FEs = 2000586 best-target =      3.50386109 2282s
  9% 20D f20 run   7 FEs = 2000586 best-target =      3.84519921 2293s
 10% 20D f20 run   8 FEs = 2000586 best-target =      3.96061265 2305s
  8% 20D f20 run   9 FEs = 2000586 best-target =      3.90498595 2316s
  6% 20D f20 run  10 FEs = 2000586 best-target =      3.43682950 2327s
  7% 20D f20 run  11 FEs = 2000586 best-target =      3.06592039 2339s
  9% 20D f20 run  12 FEs = 2000586 best-target =      3.67441801 2350s
  9% 20D f20 run  13 FEs = 2000586 best-target =      3.19433849 2362s
  8% 20D f20 run  14 FEs = 2000586 best-target =      3.19191519 2373s
 10% 20D f20 run  15 FEs = 2000586 best-target =      3.35092884 2385s
16-02-2014 14:26:58
 14% 20D f21 run   1 FEs = 2000586 best-target =     27.61637691 2417s
 14% 20D f21 run   2 FEs = 2000586 best-target =     52.86778647 2449s
 17% 20D f21 run   3 FEs = 2000586 best-target =      8.36698480 2481s
 13% 20D f21 run   4 FEs = 2000586 best-target =      7.27988556 2514s
 15% 20D f21 run   5 FEs = 2000586 best-target =     10.64697006 2546s
 16% 20D f21 run   6 FEs = 2000586 best-target =     15.40928133 2579s
 15% 20D f21 run   7 FEs = 2000586 best-target =     12.51855324 2612s
 12% 20D f21 run   8 FEs = 2000586 best-target =      7.17558763 2645s
 17% 20D f21 run   9 FEs = 2000586 best-target =     30.02303354 2678s
 17% 20D f21 run  10 FEs = 2000586 best-target =      9.08321996 2710s
 15% 20D f21 run  11 FEs = 2000586 best-target =      4.90571555 2743s
 16% 20D f21 run  12 FEs = 2000586 best-target =     14.58847794 2775s
 16% 20D f21 run  13 FEs = 2000586 best-target =     16.59625314 2808s
 15% 20D f21 run  14 FEs = 2000586 best-target =     16.06757286 2841s
 14% 20D f21 run  15 FEs = 2000586 best-target =     20.81006382 2873s
16-02-2014 14:35:07
 17% 20D f22 run   1 FEs = 2000586 best-target =      7.13082198 2884s
 18% 20D f22 run   2 FEs = 2000586 best-target =      8.09609929 2895s
 18% 20D f22 run   3 FEs = 2000586 best-target =      9.52858935 2906s
 11% 20D f22 run   4 FEs = 2000586 best-target =      2.07286599 2916s
 17% 20D f22 run   5 FEs = 2000586 best-target =      6.05720846 2928s
 12% 20D f22 run   6 FEs = 2000586 best-target =     10.72251848 2939s
 17% 20D f22 run   7 FEs = 2000586 best-target =     21.23098189 2950s
 17% 20D f22 run   8 FEs = 2000586 best-target =      2.61441821 2961s
 16% 20D f22 run   9 FEs = 2000586 best-target =     63.02249428 2972s
 16% 20D f22 run  10 FEs = 2000586 best-target =     23.86218016 2983s
 18% 20D f22 run  11 FEs = 2000586 best-target =      8.67775617 2994s
 15% 20D f22 run  12 FEs = 2000586 best-target =     19.76300670 3004s
 15% 20D f22 run  13 FEs = 2000586 best-target =     23.94399282 3015s
 15% 20D f22 run  14 FEs = 2000586 best-target =     19.37659825 3026s
 18% 20D f22 run  15 FEs = 2000586 best-target =      6.97871817 3037s
16-02-2014 14:37:51
  1% 20D f24 run   1 FEs = 2000586 best-target =    207.05463821 3045s
  0% 20D f24 run   2 FEs = 2000586 best-target =    213.70355222 3052s
  1% 20D f24 run   3 FEs = 2000586 best-target =    239.95753058 3060s
  1% 20D f24 run   4 FEs = 2000586 best-target =    200.72165147 3067s
  1% 20D f24 run   5 FEs = 2000586 best-target =    211.73720584 3075s
  1% 20D f24 run   6 FEs = 2000586 best-target =    206.82965119 3083s
  1% 20D f24 run   7 FEs = 2000586 best-target =    230.03719469 3091s
  1% 20D f24 run   8 FEs = 2000586 best-target =    213.72520873 3098s
  1% 20D f24 run   9 FEs = 2000586 best-target =    192.41735456 3106s
  1% 20D f24 run  10 FEs = 2000586 best-target =    214.77440290 3114s
  1% 20D f24 run  11 FEs = 2000586 best-target =    208.46635960 3121s
  1% 20D f24 run  12 FEs = 2000586 best-target =    224.54315185 3129s
  1% 20D f24 run  13 FEs = 2000586 best-target =    218.20812266 3137s
  1% 20D f24 run  14 FEs = 2000586 best-target =    216.49456045 3144s
  1% 20D f24 run  15 FEs = 2000586 best-target =    230.99903893 3152s
16-02-2014 14:39:46
