BBOB data directory 'debest1_80D' created
16-02-2014 22:45:35
 24% 80D f15 run   1 FEs = 8001396 best-target =   1053.15804177 1475s
 23% 80D f15 run   2 FEs = 8001396 best-target =   1144.16056028 3193s
 24% 80D f15 run   3 FEs = 8001396 best-target =   1161.48031721 4461s
 24% 80D f15 run   4 FEs = 8001396 best-target =   1197.99415313 6135s
 23% 80D f15 run   5 FEs = 8001396 best-target =   1002.38812381 7339s
 24% 80D f15 run   6 FEs = 8001396 best-target =   1205.84075447 8243s
 24% 80D f15 run   7 FEs = 8001396 best-target =   1293.59924434 9760s
 24% 80D f15 run   8 FEs = 8001396 best-target =   1317.29762209 11168s
 24% 80D f15 run   9 FEs = 8001396 best-target =   1177.64864377 12672s
 24% 80D f15 run  10 FEs = 8001396 best-target =   1328.85213008 14109s
  4% 80D f15 run  11 FEs = 8001396 best-target =   1088.59666693 15798s
 24% 80D f15 run  12 FEs = 8001396 best-target =    801.62482086 17558s
 24% 80D f15 run  13 FEs = 8001396 best-target =   1048.67378401 19334s
 24% 80D f15 run  14 FEs = 8001396 best-target =   1417.05873580 20797s
 24% 80D f15 run  15 FEs = 8001396 best-target =   1341.14188728 21842s
17-02-2014 04:49:38
 23% 80D f16 run   1 FEs = 8001396 best-target =     17.12775535 23389s
 23% 80D f16 run   2 FEs = 8001396 best-target =     21.23624512 24761s
 22% 80D f16 run   3 FEs = 8001396 best-target =     30.83911908 26045s
 23% 80D f16 run   4 FEs = 8001396 best-target =     35.36059528 27325s
  6% 80D f16 run   5 FEs = 8001396 best-target =     22.13164253 28590s
 23% 80D f16 run   6 FEs = 8001396 best-target =     27.82025195 29852s
  6% 80D f16 run   7 FEs = 8001396 best-target =     27.46906588 31123s
 23% 80D f16 run   8 FEs = 8001396 best-target =     17.73570792 32413s
 22% 80D f16 run   9 FEs = 8001396 best-target =     18.74538939 33689s
 23% 80D f16 run  10 FEs = 8001396 best-target =     25.21018331 34951s
 22% 80D f16 run  11 FEs = 8001396 best-target =     31.29407411 36242s
 23% 80D f16 run  12 FEs = 8001396 best-target =     18.79657349 37532s
 23% 80D f16 run  13 FEs = 8001396 best-target =     25.81635101 38810s
 23% 80D f16 run  14 FEs = 8001396 best-target =     17.51228244 40080s
 23% 80D f16 run  15 FEs = 8001396 best-target =     28.68334402 41344s
17-02-2014 10:14:40
  1% 80D f19 run   1 FEs = 8001396 best-target =     11.54002222 41561s
  2% 80D f19 run   2 FEs = 8001396 best-target =      9.49123849 41778s
  3% 80D f19 run   3 FEs = 8001396 best-target =     11.24721575 41993s
  2% 80D f19 run   4 FEs = 8001396 best-target =     10.42798651 42209s
  1% 80D f19 run   5 FEs = 8001396 best-target =     13.73854709 42422s
  2% 80D f19 run   6 FEs = 8001396 best-target =     13.17366318 42633s
  2% 80D f19 run   7 FEs = 8001396 best-target =     11.14863221 42846s
  2% 80D f19 run   8 FEs = 8001396 best-target =     11.45930225 43066s
  1% 80D f19 run   9 FEs = 8001396 best-target =      8.96336442 43282s
  2% 80D f19 run  10 FEs = 8001396 best-target =      9.22789543 43497s
  2% 80D f19 run  11 FEs = 8001396 best-target =     10.70600751 43710s
  1% 80D f19 run  12 FEs = 8001396 best-target =      9.45960702 43924s
  1% 80D f19 run  13 FEs = 8001396 best-target =      9.52561243 44140s
  1% 80D f19 run  14 FEs = 8001396 best-target =     10.46518807 44361s
  1% 80D f19 run  15 FEs = 8001396 best-target =     11.10098753 44582s
17-02-2014 11:08:38
  2% 80D f20 run   1 FEs = 8001396 best-target =  29187.14871906 44730s
  1% 80D f20 run   2 FEs = 8001396 best-target =  35293.32406299 44899s
  2% 80D f20 run   3 FEs = 8001396 best-target =  38020.61053313 45067s
  3% 80D f20 run   4 FEs = 8001396 best-target =  41213.45002631 45218s
  3% 80D f20 run   5 FEs = 8001396 best-target =  39091.08957270 45355s
  3% 80D f20 run   6 FEs = 8001396 best-target =  30346.04684326 45492s
  3% 80D f20 run   7 FEs = 8001396 best-target =  31589.44659801 45628s
  2% 80D f20 run   8 FEs = 8001396 best-target =   9019.88480940 45763s
  2% 80D f20 run   9 FEs = 8001396 best-target =  44672.20271084 45899s
  2% 80D f20 run  10 FEs = 8001396 best-target =  51663.21421703 46036s
  2% 80D f20 run  11 FEs = 8001396 best-target =  26215.01888097 46169s
  2% 80D f20 run  12 FEs = 8001396 best-target =  31398.79297088 46306s
  2% 80D f20 run  13 FEs = 8001396 best-target =  59221.91336848 46445s
  2% 80D f20 run  14 FEs = 8001396 best-target =  11314.44498220 46581s
  3% 80D f20 run  15 FEs = 8001396 best-target =  22117.07578161 46716s
17-02-2014 11:44:12
  2% 80D f21 run   1 FEs = 8001396 best-target =     34.83350002 47006s
  6% 80D f21 run   2 FEs = 8001396 best-target =     50.60188337 47296s
  5% 80D f21 run   3 FEs = 8001396 best-target =     38.33039347 47601s
  5% 80D f21 run   4 FEs = 8001396 best-target =     37.91921732 48131s
 22% 80D f21 run   5 FEs = 8001396 best-target =     32.71739333 48653s
  3% 80D f21 run   6 FEs = 8001396 best-target =     43.89455796 48966s
 22% 80D f21 run   7 FEs = 8001396 best-target =     22.56659903 49272s
 22% 80D f21 run   8 FEs = 8001396 best-target =     45.01218528 49578s
  4% 80D f21 run   9 FEs = 8001396 best-target =     38.59201000 49872s
  4% 80D f21 run  10 FEs = 8001396 best-target =     35.20432500 50168s
 22% 80D f21 run  11 FEs = 8001396 best-target =     70.42512468 50518s
  2% 80D f21 run  12 FEs = 8001396 best-target =     51.11636019 50809s
 22% 80D f21 run  13 FEs = 8001396 best-target =     35.33481497 51100s
  2% 80D f21 run  14 FEs = 8001396 best-target =     68.02139722 51394s
 22% 80D f21 run  15 FEs = 8001396 best-target =     49.70940155 51688s
17-02-2014 13:07:04
  2% 80D f22 run   1 FEs = 8001396 best-target =     31.02838024 51856s
  4% 80D f22 run   2 FEs = 8001396 best-target =     40.19613299 52113s
  4% 80D f22 run   3 FEs = 8001396 best-target =     30.76080374 52267s
 22% 80D f22 run   4 FEs = 8001396 best-target =     47.11951139 52481s
  4% 80D f22 run   5 FEs = 8001396 best-target =     38.42508202 52611s
  3% 80D f22 run   6 FEs = 8001396 best-target =     19.88552548 52741s
  4% 80D f22 run   7 FEs = 8001396 best-target =     65.71596527 52871s
 22% 80D f22 run   8 FEs = 8001396 best-target =     23.23921477 53001s
 19% 80D f22 run   9 FEs = 8001396 best-target =     64.27065905 53130s
  3% 80D f22 run  10 FEs = 8001396 best-target =     13.70221852 53260s
  5% 80D f22 run  11 FEs = 8001396 best-target =     25.33090858 53394s
 21% 80D f22 run  12 FEs = 8001396 best-target =     41.84479465 53548s
  2% 80D f22 run  13 FEs = 8001396 best-target =     49.54895707 53677s
 19% 80D f22 run  14 FEs = 8001396 best-target =     31.15539860 53807s
 21% 80D f22 run  15 FEs = 8001396 best-target =     33.45064147 53942s
17-02-2014 13:44:38
  0% 80D f24 run   1 FEs = 8001396 best-target =   1011.07748052 54102s
  0% 80D f24 run   2 FEs = 8001396 best-target =   1106.16616494 54235s
  0% 80D f24 run   3 FEs = 8001396 best-target =   1248.86686302 54368s
  0% 80D f24 run   4 FEs = 8001396 best-target =   1234.76600333 54503s
  0% 80D f24 run   5 FEs = 8001396 best-target =   1343.23394935 54634s
  0% 80D f24 run   6 FEs = 8001396 best-target =    994.39986748 54768s
  1% 80D f24 run   7 FEs = 8001396 best-target =   1072.35270867 54902s
  0% 80D f24 run   8 FEs = 8001396 best-target =    980.29558113 55036s
  0% 80D f24 run   9 FEs = 8001396 best-target =   1408.63614011 55170s
  0% 80D f24 run  10 FEs = 8001396 best-target =   1247.90917920 55303s
  0% 80D f24 run  11 FEs = 8001396 best-target =   1115.70734359 55437s
  0% 80D f24 run  12 FEs = 8001396 best-target =   1128.68451750 55571s
  0% 80D f24 run  13 FEs = 8001396 best-target =   1028.21869721 55706s
  0% 80D f24 run  14 FEs = 8001396 best-target =   1167.69516922 55840s
  0% 80D f24 run  15 FEs = 8001396 best-target =   1294.37718408 55974s
17-02-2014 14:18:30
