BBOB data directory 'debestinf_80D' created
16-02-2014 22:45:35
  9% 80D f15 run   1 FEs = 8001396 best-target =   4083.67003769 1950s
 10% 80D f15 run   2 FEs = 8001396 best-target =   4704.47674466 3970s
 10% 80D f15 run   3 FEs = 8001396 best-target =   3599.66604776 5874s
  8% 80D f15 run   4 FEs = 8001396 best-target =   4146.57100388 7857s
  7% 80D f15 run   5 FEs = 8001396 best-target =   4120.73705041 9807s
  9% 80D f15 run   6 FEs = 8001396 best-target =   4413.69263259 11905s
  7% 80D f15 run   7 FEs = 8001396 best-target =   4240.88065417 14055s
  9% 80D f15 run   8 FEs = 8001396 best-target =   4135.91866403 15853s
 10% 80D f15 run   9 FEs = 8001396 best-target =   4228.46228714 17682s
  5% 80D f15 run  10 FEs = 8001396 best-target =   3998.01459506 19695s
  7% 80D f15 run  11 FEs = 8001396 best-target =   4193.26896767 21237s
  8% 80D f15 run  12 FEs = 8001396 best-target =   4680.85927146 22624s
  7% 80D f15 run  13 FEs = 8001396 best-target =   4311.09866364 23733s
  8% 80D f15 run  14 FEs = 8001396 best-target =   4095.99201127 24694s
  7% 80D f15 run  15 FEs = 8001396 best-target =   3704.00563594 25627s
17-02-2014 05:52:43
  9% 80D f16 run   1 FEs = 8001396 best-target =     51.61371962 27076s
 10% 80D f16 run   2 FEs = 8001396 best-target =     52.19200096 28390s
  9% 80D f16 run   3 FEs = 8001396 best-target =     52.14460849 29414s
 10% 80D f16 run   4 FEs = 8001396 best-target =     49.40190594 30492s
 10% 80D f16 run   5 FEs = 8001396 best-target =     48.69438745 31584s
 10% 80D f16 run   6 FEs = 8001396 best-target =     47.86797113 32681s
 10% 80D f16 run   7 FEs = 8001396 best-target =     49.54894691 33728s
 10% 80D f16 run   8 FEs = 8001396 best-target =     50.10069392 34829s
 10% 80D f16 run   9 FEs = 8001396 best-target =     52.75858783 35894s
 10% 80D f16 run  10 FEs = 8001396 best-target =     50.57666295 36936s
  9% 80D f16 run  11 FEs = 8001396 best-target =     53.54632556 38027s
 10% 80D f16 run  12 FEs = 8001396 best-target =     51.21799341 39157s
 10% 80D f16 run  13 FEs = 8001396 best-target =     51.47852495 40578s
 10% 80D f16 run  14 FEs = 8001396 best-target =     51.99736390 42023s
 10% 80D f16 run  15 FEs = 8001396 best-target =     47.69223017 43480s
17-02-2014 10:50:15
  0% 80D f19 run   1 FEs = 8001396 best-target =     43.90555542 43883s
  0% 80D f19 run   2 FEs = 8001396 best-target =     47.86045837 44279s
  0% 80D f19 run   3 FEs = 8001396 best-target =     46.53875260 44659s
  0% 80D f19 run   4 FEs = 8001396 best-target =     42.70867601 45049s
  0% 80D f19 run   5 FEs = 8001396 best-target =     46.03187647 45448s
  0% 80D f19 run   6 FEs = 8001396 best-target =     46.87409428 45797s
  0% 80D f19 run   7 FEs = 8001396 best-target =     47.75263193 46045s
  0% 80D f19 run   8 FEs = 8001396 best-target =     41.72289395 46292s
  0% 80D f19 run   9 FEs = 8001396 best-target =     46.01063060 46588s
  0% 80D f19 run  10 FEs = 8001396 best-target =     44.97104025 46843s
  0% 80D f19 run  11 FEs = 8001396 best-target =     44.98539595 47095s
  0% 80D f19 run  12 FEs = 8001396 best-target =     50.42539001 47362s
  0% 80D f19 run  13 FEs = 8001396 best-target =     46.73596638 47614s
  0% 80D f19 run  14 FEs = 8001396 best-target =     43.60235252 47901s
  0% 80D f19 run  15 FEs = 8001396 best-target =     47.96822639 48178s
17-02-2014 12:08:34
  4% 80D f20 run   1 FEs = 8001396 best-target = 366363.52448707 48455s
  4% 80D f20 run   2 FEs = 8001396 best-target = 236124.73986237 48746s
  4% 80D f20 run   3 FEs = 8001396 best-target = 290273.81121018 48986s
  4% 80D f20 run   4 FEs = 8001396 best-target = 300397.26762355 49238s
  4% 80D f20 run   5 FEs = 8001396 best-target = 339974.09285830 49488s
  4% 80D f20 run   6 FEs = 8001396 best-target = 343512.80478566 49740s
  4% 80D f20 run   7 FEs = 8001396 best-target = 332848.72984574 50037s
  5% 80D f20 run   8 FEs = 8001396 best-target = 255258.63310814 50368s
  4% 80D f20 run   9 FEs = 8001396 best-target = 306765.29032347 50683s
  5% 80D f20 run  10 FEs = 8001396 best-target = 288022.44553156 51026s
  4% 80D f20 run  11 FEs = 8001396 best-target = 271377.21489242 51366s
  4% 80D f20 run  12 FEs = 8001396 best-target = 334393.18228539 51682s
  5% 80D f20 run  13 FEs = 8001396 best-target = 313465.80733764 51960s
  4% 80D f20 run  14 FEs = 8001396 best-target = 296879.63174048 52276s
  4% 80D f20 run  15 FEs = 8001396 best-target = 282772.89311859 52543s
17-02-2014 13:21:19
  0% 80D f21 run   1 FEs = 8001396 best-target =     85.51807175 52966s
  0% 80D f21 run   2 FEs = 8001396 best-target =     85.54161198 53482s
  0% 80D f21 run   3 FEs = 8001396 best-target =     84.50733218 53884s
  0% 80D f21 run   4 FEs = 8001396 best-target =     85.39241215 54285s
  0% 80D f21 run   5 FEs = 8001396 best-target =     85.32316086 54686s
  0% 80D f21 run   6 FEs = 8001396 best-target =     85.52794582 55099s
  0% 80D f21 run   7 FEs = 8001396 best-target =     85.67067166 55500s
  0% 80D f21 run   8 FEs = 8001396 best-target =     85.15777001 55930s
  0% 80D f21 run   9 FEs = 8001396 best-target =     85.53797386 56328s
  0% 80D f21 run  10 FEs = 8001396 best-target =     85.17232241 56727s
  0% 80D f21 run  11 FEs = 8001396 best-target =     85.40770099 57118s
  0% 80D f21 run  12 FEs = 8001396 best-target =     84.40501155 57508s
  0% 80D f21 run  13 FEs = 8001396 best-target =     85.10948062 57897s
  0% 80D f21 run  14 FEs = 8001396 best-target =     85.35481113 58287s
  0% 80D f21 run  15 FEs = 8001396 best-target =     85.23470878 58679s
17-02-2014 15:03:35
  0% 80D f22 run   1 FEs = 8001396 best-target =     85.76299010 58910s
  0% 80D f22 run   2 FEs = 8001396 best-target =     85.50289125 59145s
  0% 80D f22 run   3 FEs = 8001396 best-target =     85.19202584 59378s
  0% 80D f22 run   4 FEs = 8001396 best-target =     85.43126879 59608s
  0% 80D f22 run   5 FEs = 8001396 best-target =     85.70977719 59841s
  0% 80D f22 run   6 FEs = 8001396 best-target =     85.35919597 60074s
  0% 80D f22 run   7 FEs = 8001396 best-target =     85.78100186 60307s
  0% 80D f22 run   8 FEs = 8001396 best-target =     84.45797725 60540s
  0% 80D f22 run   9 FEs = 8001396 best-target =     85.75577094 60772s
  0% 80D f22 run  10 FEs = 8001396 best-target =     85.61415813 61004s
  0% 80D f22 run  11 FEs = 8001396 best-target =     85.09936568 61235s
  0% 80D f22 run  12 FEs = 8001396 best-target =     85.42574887 61467s
  0% 80D f22 run  13 FEs = 8001396 best-target =     85.41185494 61700s
  0% 80D f22 run  14 FEs = 8001396 best-target =     85.70801507 61933s
  0% 80D f22 run  15 FEs = 8001396 best-target =     85.45840947 62165s
17-02-2014 16:01:41
  0% 80D f24 run   1 FEs = 8001396 best-target =   2853.38477151 62402s
  0% 80D f24 run   2 FEs = 8001396 best-target =   2684.85240647 62639s
  0% 80D f24 run   3 FEs = 8001396 best-target =   2789.62918017 62874s
  0% 80D f24 run   4 FEs = 8001396 best-target =   2660.42918488 63112s
  0% 80D f24 run   5 FEs = 8001396 best-target =   2640.30560391 63347s
  0% 80D f24 run   6 FEs = 8001396 best-target =   2460.24317460 63581s
  0% 80D f24 run   7 FEs = 8001396 best-target =   2823.04002945 63818s
  0% 80D f24 run   8 FEs = 8001396 best-target =   2906.38971200 64056s
  0% 80D f24 run   9 FEs = 8001396 best-target =   2855.58253976 64291s
  0% 80D f24 run  10 FEs = 8001396 best-target =   2613.58538859 64526s
  0% 80D f24 run  11 FEs = 8001396 best-target =   2781.55029235 64761s
  0% 80D f24 run  12 FEs = 8001396 best-target =   2791.11233391 65000s
  0% 80D f24 run  13 FEs = 8001396 best-target =   2862.95308528 65236s
  0% 80D f24 run  14 FEs = 8001396 best-target =   2769.12772951 65472s
  0% 80D f24 run  15 FEs = 8001396 best-target =   2569.98238164 65710s
17-02-2014 17:00:46
