BBOB data directory 'debest2_80D' created
16-02-2014 22:45:35
 15% 80D f15 run   1 FEs = 8001396 best-target =   4030.27530461 1552s
 16% 80D f15 run   2 FEs = 8001396 best-target =   4255.17070343 3178s
 13% 80D f15 run   3 FEs = 8001396 best-target =   3576.64615811 4577s
 13% 80D f15 run   4 FEs = 8001396 best-target =   3853.57749401 6311s
 11% 80D f15 run   5 FEs = 8001396 best-target =   3726.41970812 8191s
 14% 80D f15 run   6 FEs = 8001396 best-target =   5102.19790751 9891s
 11% 80D f15 run   7 FEs = 8001396 best-target =   4030.81026808 11301s
 13% 80D f15 run   8 FEs = 8001396 best-target =   4385.58830803 12802s
 15% 80D f15 run   9 FEs = 8001396 best-target =   4275.25827237 14280s
 11% 80D f15 run  10 FEs = 8001396 best-target =   3669.09918661 15750s
 11% 80D f15 run  11 FEs = 8001396 best-target =   4373.02524479 17419s
 15% 80D f15 run  12 FEs = 8001396 best-target =   3878.78609322 18693s
 12% 80D f15 run  13 FEs = 8001396 best-target =   3471.68856177 20300s
 12% 80D f15 run  14 FEs = 8001396 best-target =   2750.85781217 21683s
 11% 80D f15 run  15 FEs = 8001396 best-target =   3838.20368509 22804s
17-02-2014 05:05:40
 14% 80D f16 run   1 FEs = 8001396 best-target =     52.68533015 24322s
 15% 80D f16 run   2 FEs = 8001396 best-target =     47.60339441 25620s
 14% 80D f16 run   3 FEs = 8001396 best-target =     52.36320930 26914s
 14% 80D f16 run   4 FEs = 8001396 best-target =     49.30507637 28201s
 14% 80D f16 run   5 FEs = 8001396 best-target =     54.86813928 29488s
 14% 80D f16 run   6 FEs = 8001396 best-target =     46.86648706 30774s
 14% 80D f16 run   7 FEs = 8001396 best-target =     52.68860612 32069s
 14% 80D f16 run   8 FEs = 8001396 best-target =     49.51520949 33347s
 14% 80D f16 run   9 FEs = 8001396 best-target =     52.22060303 34555s
 14% 80D f16 run  10 FEs = 8001396 best-target =     49.50112386 35485s
 14% 80D f16 run  11 FEs = 8001396 best-target =     47.48152638 36727s
 15% 80D f16 run  12 FEs = 8001396 best-target =     44.86624577 37711s
 15% 80D f16 run  13 FEs = 8001396 best-target =     54.30632214 38954s
 14% 80D f16 run  14 FEs = 8001396 best-target =     49.89561678 40023s
 13% 80D f16 run  15 FEs = 8001396 best-target =     49.94257023 40952s
17-02-2014 10:08:08
  1% 80D f19 run   1 FEs = 8001396 best-target =     28.98714115 41086s
  1% 80D f19 run   2 FEs = 8001396 best-target =     27.22610488 41260s
  1% 80D f19 run   3 FEs = 8001396 best-target =     35.78814132 41394s
  1% 80D f19 run   4 FEs = 8001396 best-target =     31.95263024 41528s
  1% 80D f19 run   5 FEs = 8001396 best-target =     29.44333349 41661s
  1% 80D f19 run   6 FEs = 8001396 best-target =     35.15666423 41795s
  1% 80D f19 run   7 FEs = 8001396 best-target =     31.57177163 41929s
  1% 80D f19 run   8 FEs = 8001396 best-target =     36.96490729 42063s
  1% 80D f19 run   9 FEs = 8001396 best-target =     33.06880316 42196s
  1% 80D f19 run  10 FEs = 8001396 best-target =     31.76893153 42354s
  1% 80D f19 run  11 FEs = 8001396 best-target =     35.51358734 42582s
  1% 80D f19 run  12 FEs = 8001396 best-target =     27.91586282 42715s
  1% 80D f19 run  13 FEs = 8001396 best-target =     38.16299600 42850s
  1% 80D f19 run  14 FEs = 8001396 best-target =     33.92141389 43043s
  1% 80D f19 run  15 FEs = 8001396 best-target =     35.51243102 43252s
17-02-2014 10:46:27
  7% 80D f20 run   1 FEs = 8001396 best-target = 316701.44474858 43407s
  7% 80D f20 run   2 FEs = 8001396 best-target = 306237.96763290 43572s
  9% 80D f20 run   3 FEs = 8001396 best-target = 273380.50487476 43727s
  7% 80D f20 run   4 FEs = 8001396 best-target = 302153.27301742 43899s
  8% 80D f20 run   5 FEs = 8001396 best-target = 279613.52646479 44054s
  8% 80D f20 run   6 FEs = 8001396 best-target = 291836.02608875 44193s
  8% 80D f20 run   7 FEs = 8001396 best-target = 284144.94599746 44336s
 10% 80D f20 run   8 FEs = 8001396 best-target = 178203.93705539 44476s
  9% 80D f20 run   9 FEs = 8001396 best-target = 247630.61278513 44638s
  9% 80D f20 run  10 FEs = 8001396 best-target = 273836.63574865 44822s
  7% 80D f20 run  11 FEs = 8001396 best-target = 272821.09560872 45003s
  7% 80D f20 run  12 FEs = 8001396 best-target = 345683.98910834 45185s
  9% 80D f20 run  13 FEs = 8001396 best-target = 210821.92266976 45366s
  8% 80D f20 run  14 FEs = 8001396 best-target = 277205.88702976 45544s
  7% 80D f20 run  15 FEs = 8001396 best-target = 321736.00223426 45722s
17-02-2014 11:27:38
  0% 80D f21 run   1 FEs = 8001396 best-target =     84.22618431 46265s
  0% 80D f21 run   2 FEs = 8001396 best-target =     84.90346707 46582s
  0% 80D f21 run   3 FEs = 8001396 best-target =     84.69606538 46870s
  0% 80D f21 run   4 FEs = 8001396 best-target =     84.58392002 47158s
  0% 80D f21 run   5 FEs = 8001396 best-target =     83.95682951 47589s
  0% 80D f21 run   6 FEs = 8001396 best-target =     85.03225301 48010s
  0% 80D f21 run   7 FEs = 8001396 best-target =     85.60304339 48387s
  0% 80D f21 run   8 FEs = 8001396 best-target =     85.42200984 48791s
  0% 80D f21 run   9 FEs = 8001396 best-target =     84.36655557 49078s
  0% 80D f21 run  10 FEs = 8001396 best-target =     82.77452869 49430s
  0% 80D f21 run  11 FEs = 8001396 best-target =     82.44624884 49979s
  0% 80D f21 run  12 FEs = 8001396 best-target =     84.70297111 50269s
  0% 80D f21 run  13 FEs = 8001396 best-target =     84.84353438 50555s
  0% 80D f21 run  14 FEs = 8001396 best-target =     84.87224587 50842s
  0% 80D f21 run  15 FEs = 8001396 best-target =     85.20094661 51128s
17-02-2014 12:57:44
  0% 80D f22 run   1 FEs = 8001396 best-target =     84.41314838 51259s
  0% 80D f22 run   2 FEs = 8001396 best-target =     84.35698023 51492s
  0% 80D f22 run   3 FEs = 8001396 best-target =     81.60375359 51781s
  0% 80D f22 run   4 FEs = 8001396 best-target =     85.23127562 51923s
  0% 80D f22 run   5 FEs = 8001396 best-target =     84.86836802 52068s
  0% 80D f22 run   6 FEs = 8001396 best-target =     85.09069718 52200s
  0% 80D f22 run   7 FEs = 8001396 best-target =     85.93037633 52379s
  0% 80D f22 run   8 FEs = 8001396 best-target =     85.14299085 52523s
  0% 80D f22 run   9 FEs = 8001396 best-target =     85.07238170 52780s
  0% 80D f22 run  10 FEs = 8001396 best-target =     85.01755901 53026s
  0% 80D f22 run  11 FEs = 8001396 best-target =     83.57624000 53217s
  0% 80D f22 run  12 FEs = 8001396 best-target =     85.67112003 53349s
  0% 80D f22 run  13 FEs = 8001396 best-target =     85.31744073 53481s
  0% 80D f22 run  14 FEs = 8001396 best-target =     85.52379477 53612s
  0% 80D f22 run  15 FEs = 8001396 best-target =     84.23272118 53743s
17-02-2014 13:41:19
  0% 80D f24 run   1 FEs = 8001396 best-target =   2618.65750956 53880s
  0% 80D f24 run   2 FEs = 8001396 best-target =   2397.17112425 54048s
  0% 80D f24 run   3 FEs = 8001396 best-target =   2448.45674718 54252s
  0% 80D f24 run   4 FEs = 8001396 best-target =   2444.53771797 54456s
  0% 80D f24 run   5 FEs = 8001396 best-target =   2376.81658546 54660s
  0% 80D f24 run   6 FEs = 8001396 best-target =   2768.86874392 54864s
  0% 80D f24 run   7 FEs = 8001396 best-target =   2324.95867096 55072s
  0% 80D f24 run   8 FEs = 8001396 best-target =   2532.91136950 55276s
  0% 80D f24 run   9 FEs = 8001396 best-target =   2324.44144105 55480s
  0% 80D f24 run  10 FEs = 8001396 best-target =   2312.91022421 55686s
  0% 80D f24 run  11 FEs = 8001396 best-target =   2471.44896516 55850s
  0% 80D f24 run  12 FEs = 8001396 best-target =   2504.06493307 55988s
  0% 80D f24 run  13 FEs = 8001396 best-target =   2489.48239118 56125s
  0% 80D f24 run  14 FEs = 8001396 best-target =   2385.56532023 56262s
  0% 80D f24 run  15 FEs = 8001396 best-target =   2327.93192203 56398s
17-02-2014 14:25:34
