BBOB data directory 'debest6_80D' created
16-02-2014 22:45:35
 11% 80D f15 run   1 FEs = 8001396 best-target =   4083.67003769 1495s
 11% 80D f15 run   2 FEs = 8001396 best-target =   4266.38658961 3120s
 10% 80D f15 run   3 FEs = 8001396 best-target =   4220.75651888 4931s
  8% 80D f15 run   4 FEs = 8001396 best-target =   4750.33303474 6360s
  8% 80D f15 run   5 FEs = 8001396 best-target =   3775.39381302 7491s
 10% 80D f15 run   6 FEs = 8001396 best-target =   4807.57023212 9287s
  7% 80D f15 run   7 FEs = 8001396 best-target =   4724.20708577 10984s
 10% 80D f15 run   8 FEs = 8001396 best-target =   4631.95339637 12429s
 11% 80D f15 run   9 FEs = 8001396 best-target =   4699.15841482 13878s
  5% 80D f15 run  10 FEs = 8001396 best-target =   4298.63246550 15288s
  9% 80D f15 run  11 FEs = 8001396 best-target =   3924.69479735 16819s
 10% 80D f15 run  12 FEs = 8001396 best-target =   4132.34584042 18505s
  7% 80D f15 run  13 FEs = 8001396 best-target =   4182.82393772 20065s
  9% 80D f15 run  14 FEs = 8001396 best-target =   4298.41619690 21632s
  7% 80D f15 run  15 FEs = 8001396 best-target =   3800.00994770 22728s
17-02-2014 05:04:23
 11% 80D f16 run   1 FEs = 8001396 best-target =     44.61330004 24334s
 11% 80D f16 run   2 FEs = 8001396 best-target =     53.66750539 25630s
 11% 80D f16 run   3 FEs = 8001396 best-target =     52.00664300 26931s
 11% 80D f16 run   4 FEs = 8001396 best-target =     52.35588372 28242s
 11% 80D f16 run   5 FEs = 8001396 best-target =     51.75077702 29515s
 11% 80D f16 run   6 FEs = 8001396 best-target =     50.50484718 30798s
 12% 80D f16 run   7 FEs = 8001396 best-target =     51.56216139 32074s
 11% 80D f16 run   8 FEs = 8001396 best-target =     54.09105810 33360s
 11% 80D f16 run   9 FEs = 8001396 best-target =     52.08621340 34667s
 11% 80D f16 run  10 FEs = 8001396 best-target =     53.90978612 35953s
 11% 80D f16 run  11 FEs = 8001396 best-target =     51.71484427 37237s
 11% 80D f16 run  12 FEs = 8001396 best-target =     46.72435575 38391s
 11% 80D f16 run  13 FEs = 8001396 best-target =     54.27521519 39424s
 11% 80D f16 run  14 FEs = 8001396 best-target =     47.66207600 40366s
 11% 80D f16 run  15 FEs = 8001396 best-target =     50.89070611 41299s
17-02-2014 10:13:55
  0% 80D f19 run   1 FEs = 8001396 best-target =     41.99159303 41438s
  0% 80D f19 run   2 FEs = 8001396 best-target =     47.86046692 41577s
  0% 80D f19 run   3 FEs = 8001396 best-target =     48.54229861 41715s
  0% 80D f19 run   4 FEs = 8001396 best-target =     43.48949372 41854s
  0% 80D f19 run   5 FEs = 8001396 best-target =     44.25256283 41993s
  0% 80D f19 run   6 FEs = 8001396 best-target =     49.17469290 42132s
  0% 80D f19 run   7 FEs = 8001396 best-target =     44.76742886 42270s
  0% 80D f19 run   8 FEs = 8001396 best-target =     35.95471643 42419s
  0% 80D f19 run   9 FEs = 8001396 best-target =     43.61690506 42558s
  0% 80D f19 run  10 FEs = 8001396 best-target =     43.32674568 42697s
  0% 80D f19 run  11 FEs = 8001396 best-target =     48.10852229 42847s
  0% 80D f19 run  12 FEs = 8001396 best-target =     39.87633028 43011s
  0% 80D f19 run  13 FEs = 8001396 best-target =     44.14710958 43150s
  0% 80D f19 run  14 FEs = 8001396 best-target =     44.38375169 43337s
  0% 80D f19 run  15 FEs = 8001396 best-target =     49.62300634 43522s
17-02-2014 10:50:58
  4% 80D f20 run   1 FEs = 8001396 best-target = 320135.08102205 43668s
  5% 80D f20 run   2 FEs = 8001396 best-target = 264357.54236992 43813s
  5% 80D f20 run   3 FEs = 8001396 best-target = 251203.10908960 43958s
  3% 80D f20 run   4 FEs = 8001396 best-target = 374487.08671511 44146s
  4% 80D f20 run   5 FEs = 8001396 best-target = 335220.70469386 44296s
  6% 80D f20 run   6 FEs = 8001396 best-target = 200841.99444236 44439s
  4% 80D f20 run   7 FEs = 8001396 best-target = 358939.84600445 44589s
  4% 80D f20 run   8 FEs = 8001396 best-target = 295811.09569852 44738s
  4% 80D f20 run   9 FEs = 8001396 best-target = 312174.08864391 44887s
  4% 80D f20 run  10 FEs = 8001396 best-target = 298279.39810186 45032s
  4% 80D f20 run  11 FEs = 8001396 best-target = 353957.61007487 45209s
  4% 80D f20 run  12 FEs = 8001396 best-target = 310487.90942744 45359s
  4% 80D f20 run  13 FEs = 8001396 best-target = 340325.08980888 45504s
  4% 80D f20 run  14 FEs = 8001396 best-target = 316729.47646987 45648s
  4% 80D f20 run  15 FEs = 8001396 best-target = 349588.09762691 45793s
17-02-2014 11:28:49
  0% 80D f21 run   1 FEs = 8001396 best-target =     84.95302324 46090s
  0% 80D f21 run   2 FEs = 8001396 best-target =     85.12068111 46454s
  0% 80D f21 run   3 FEs = 8001396 best-target =     85.31596583 47007s
  0% 80D f21 run   4 FEs = 8001396 best-target =     85.47198610 47442s
  0% 80D f21 run   5 FEs = 8001396 best-target =     85.00393008 47739s
  0% 80D f21 run   6 FEs = 8001396 best-target =     85.68489342 48073s
  0% 80D f21 run   7 FEs = 8001396 best-target =     85.69884810 48375s
  0% 80D f21 run   8 FEs = 8001396 best-target =     85.11088219 48676s
  0% 80D f21 run   9 FEs = 8001396 best-target =     84.91990535 49213s
  0% 80D f21 run  10 FEs = 8001396 best-target =     84.85616190 49617s
  0% 80D f21 run  11 FEs = 8001396 best-target =     85.77751122 49918s
  0% 80D f21 run  12 FEs = 8001396 best-target =     85.13921025 50214s
  0% 80D f21 run  13 FEs = 8001396 best-target =     84.79749260 50557s
  0% 80D f21 run  14 FEs = 8001396 best-target =     85.04537912 50854s
  0% 80D f21 run  15 FEs = 8001396 best-target =     84.79639396 51150s
17-02-2014 12:58:06
  0% 80D f22 run   1 FEs = 8001396 best-target =     85.49953232 51298s
  0% 80D f22 run   2 FEs = 8001396 best-target =     85.53311860 51435s
  0% 80D f22 run   3 FEs = 8001396 best-target =     85.19592438 51572s
  0% 80D f22 run   4 FEs = 8001396 best-target =     85.66509756 51727s
  0% 80D f22 run   5 FEs = 8001396 best-target =     85.60551612 51864s
  0% 80D f22 run   6 FEs = 8001396 best-target =     85.80349849 52001s
  0% 80D f22 run   7 FEs = 8001396 best-target =     85.65194010 52138s
  0% 80D f22 run   8 FEs = 8001396 best-target =     85.24673021 52279s
  0% 80D f22 run   9 FEs = 8001396 best-target =     85.50395295 52415s
  0% 80D f22 run  10 FEs = 8001396 best-target =     85.63894837 52596s
  0% 80D f22 run  11 FEs = 8001396 best-target =     85.41553165 52733s
  0% 80D f22 run  12 FEs = 8001396 best-target =     85.60046969 52870s
  0% 80D f22 run  13 FEs = 8001396 best-target =     85.72317289 53006s
  0% 80D f22 run  14 FEs = 8001396 best-target =     85.96270371 53143s
  0% 80D f22 run  15 FEs = 8001396 best-target =     85.67855525 53415s
17-02-2014 13:35:51
  0% 80D f24 run   1 FEs = 8001396 best-target =   2774.74005563 53633s
  0% 80D f24 run   2 FEs = 8001396 best-target =   2907.81534479 53847s
  0% 80D f24 run   3 FEs = 8001396 best-target =   2701.13830671 54050s
  0% 80D f24 run   4 FEs = 8001396 best-target =   2604.53524241 54193s
  0% 80D f24 run   5 FEs = 8001396 best-target =   2792.16626947 54334s
  0% 80D f24 run   6 FEs = 8001396 best-target =   2557.08483211 54477s
  0% 80D f24 run   7 FEs = 8001396 best-target =   2787.92529615 54620s
  0% 80D f24 run   8 FEs = 8001396 best-target =   2850.48288899 54762s
  0% 80D f24 run   9 FEs = 8001396 best-target =   2792.08186699 54904s
  0% 80D f24 run  10 FEs = 8001396 best-target =   2677.50383361 55046s
  0% 80D f24 run  11 FEs = 8001396 best-target =   2813.90835913 55188s
  0% 80D f24 run  12 FEs = 8001396 best-target =   2878.30118468 55332s
  0% 80D f24 run  13 FEs = 8001396 best-target =   2757.78731149 55473s
  0% 80D f24 run  14 FEs = 8001396 best-target =   2762.87613626 55616s
  0% 80D f24 run  15 FEs = 8001396 best-target =   2886.57507260 55761s
17-02-2014 14:14:56
