BBOB data directory 'debestinf_40D' created
18-02-2014 17:39:05
 16% 40D f15 run   1 FEs = 4001392 best-target =   1876.15148267 120s
 17% 40D f15 run   2 FEs = 4001392 best-target =   1806.42571121 238s
 15% 40D f15 run   3 FEs = 4001392 best-target =   1720.96159997 391s
 18% 40D f15 run   4 FEs = 4001392 best-target =   1774.21445022 512s
 16% 40D f15 run   5 FEs = 4001392 best-target =   1598.86380506 632s
 16% 40D f15 run   6 FEs = 4001392 best-target =   1855.35494209 752s
 15% 40D f15 run   7 FEs = 4001392 best-target =   1691.15754705 873s
 18% 40D f15 run   8 FEs = 4001392 best-target =   1511.18608194 991s
 18% 40D f15 run   9 FEs = 4001392 best-target =   2022.33108539 1112s
 17% 40D f15 run  10 FEs = 4001392 best-target =   2168.35571761 1232s
 17% 40D f15 run  11 FEs = 4001392 best-target =   1952.95521164 1354s
 18% 40D f15 run  12 FEs = 4001392 best-target =   1951.41044321 1473s
 17% 40D f15 run  13 FEs = 4001392 best-target =   1630.96580753 1594s
 18% 40D f15 run  14 FEs = 4001392 best-target =   2040.66675922 1715s
 15% 40D f15 run  15 FEs = 4001392 best-target =   1625.63906212 1834s
18-02-2014 18:09:39
 16% 40D f16 run   1 FEs = 4001392 best-target =     43.91951488 2055s
 16% 40D f16 run   2 FEs = 4001392 best-target =     43.03908943 2276s
 16% 40D f16 run   3 FEs = 4001392 best-target =     37.84105488 2498s
 16% 40D f16 run   4 FEs = 4001392 best-target =     46.06034794 2719s
 17% 40D f16 run   5 FEs = 4001392 best-target =     37.00573063 2940s
 17% 40D f16 run   6 FEs = 4001392 best-target =     40.36923930 3161s
 16% 40D f16 run   7 FEs = 4001392 best-target =     42.98735111 3383s
 16% 40D f16 run   8 FEs = 4001392 best-target =     40.19554009 3604s
 16% 40D f16 run   9 FEs = 4001392 best-target =     41.92076163 3825s
 17% 40D f16 run  10 FEs = 4001392 best-target =     44.14398589 4047s
 16% 40D f16 run  11 FEs = 4001392 best-target =     43.63625666 4268s
 16% 40D f16 run  12 FEs = 4001392 best-target =     38.61743289 4489s
 17% 40D f16 run  13 FEs = 4001392 best-target =     45.09801743 4711s
 16% 40D f16 run  14 FEs = 4001392 best-target =     40.08366087 4932s
 17% 40D f16 run  15 FEs = 4001392 best-target =     36.42862685 5154s
18-02-2014 19:04:59
  5% 40D f19 run   1 FEs = 4001392 best-target =     26.94963821 5194s
  6% 40D f19 run   2 FEs = 4001392 best-target =     26.82662820 5234s
  7% 40D f19 run   3 FEs = 4001392 best-target =     24.87370885 5275s
  7% 40D f19 run   4 FEs = 4001392 best-target =     21.33402782 5315s
  7% 40D f19 run   5 FEs = 4001392 best-target =     24.13025864 5355s
  6% 40D f19 run   6 FEs = 4001392 best-target =     27.18747207 5396s
  6% 40D f19 run   7 FEs = 4001392 best-target =     28.82053553 5436s
  7% 40D f19 run   8 FEs = 4001392 best-target =     24.33125398 5476s
  7% 40D f19 run   9 FEs = 4001392 best-target =     22.72744794 5516s
  6% 40D f19 run  10 FEs = 4001392 best-target =     26.35744638 5557s
  6% 40D f19 run  11 FEs = 4001392 best-target =     23.76322636 5597s
  6% 40D f19 run  12 FEs = 4001392 best-target =     28.01182386 5637s
  5% 40D f19 run  13 FEs = 4001392 best-target =     27.76165593 5677s
  7% 40D f19 run  14 FEs = 4001392 best-target =     26.23432732 5717s
  6% 40D f19 run  15 FEs = 4001392 best-target =     23.56225232 5758s
18-02-2014 19:15:03
 16% 40D f20 run   1 FEs = 4001392 best-target = 102093.68140803 5809s
 14% 40D f20 run   2 FEs = 4001392 best-target = 135576.26259861 5861s
 15% 40D f20 run   3 FEs = 4001392 best-target =  91520.96502627 5912s
 15% 40D f20 run   4 FEs = 4001392 best-target = 129565.26367254 5964s
 15% 40D f20 run   5 FEs = 4001392 best-target = 150006.25175812 6015s
 16% 40D f20 run   6 FEs = 4001392 best-target =  88854.18008641 6066s
 15% 40D f20 run   7 FEs = 4001392 best-target = 155567.32255199 6118s
 15% 40D f20 run   8 FEs = 4001392 best-target = 107707.47766071 6169s
 15% 40D f20 run   9 FEs = 4001392 best-target =  95121.21464625 6221s
 16% 40D f20 run  10 FEs = 4001392 best-target =  95206.07176279 6272s
 15% 40D f20 run  11 FEs = 4001392 best-target = 114931.56809352 6323s
 16% 40D f20 run  12 FEs = 4001392 best-target =  96818.86979238 6375s
 15% 40D f20 run  13 FEs = 4001392 best-target = 102316.39312049 6427s
 15% 40D f20 run  14 FEs = 4001392 best-target = 112158.22765362 6479s
 15% 40D f20 run  15 FEs = 4001392 best-target = 109396.74040726 6530s
18-02-2014 19:27:55
  0% 40D f21 run   1 FEs = 4001392 best-target =     80.79645889 6611s
  0% 40D f21 run   2 FEs = 4001392 best-target =     81.47884541 6693s
  0% 40D f21 run   3 FEs = 4001392 best-target =     83.25605901 6775s
  0% 40D f21 run   4 FEs = 4001392 best-target =     81.83484300 6857s
  0% 40D f21 run   5 FEs = 4001392 best-target =     83.71888778 6939s
  0% 40D f21 run   6 FEs = 4001392 best-target =     82.60019685 7021s
  0% 40D f21 run   7 FEs = 4001392 best-target =     81.67056382 7109s
  0% 40D f21 run   8 FEs = 4001392 best-target =     82.09226906 7190s
  0% 40D f21 run   9 FEs = 4001392 best-target =     81.96631608 7272s
  0% 40D f21 run  10 FEs = 4001392 best-target =     82.73851757 7354s
  0% 40D f21 run  11 FEs = 4001392 best-target =     84.24382246 7436s
  0% 40D f21 run  12 FEs = 4001392 best-target =     80.61065346 7518s
  0% 40D f21 run  13 FEs = 4001392 best-target =     83.84017881 7600s
  0% 40D f21 run  14 FEs = 4001392 best-target =     83.71734650 7683s
  0% 40D f21 run  15 FEs = 4001392 best-target =     83.46010348 7765s
18-02-2014 19:48:30
  0% 40D f22 run   1 FEs = 4001392 best-target =     83.61609810 7807s
  0% 40D f22 run   2 FEs = 4001392 best-target =     85.18242909 7849s
  0% 40D f22 run   3 FEs = 4001392 best-target =     82.94306671 7891s
  0% 40D f22 run   4 FEs = 4001392 best-target =     83.48023815 7933s
  0% 40D f22 run   5 FEs = 4001392 best-target =     81.76243007 7974s
  0% 40D f22 run   6 FEs = 4001392 best-target =     83.67817046 8018s
  0% 40D f22 run   7 FEs = 4001392 best-target =     84.65383499 8060s
  0% 40D f22 run   8 FEs = 4001392 best-target =     83.79811958 8101s
  0% 40D f22 run   9 FEs = 4001392 best-target =     82.53530917 8143s
  0% 40D f22 run  10 FEs = 4001392 best-target =     82.50981600 8186s
  0% 40D f22 run  11 FEs = 4001392 best-target =     85.18248047 8228s
  0% 40D f22 run  12 FEs = 4001392 best-target =     83.20524212 8270s
  0% 40D f22 run  13 FEs = 4001392 best-target =     84.97686814 8312s
  0% 40D f22 run  14 FEs = 4001392 best-target =     84.75969311 8354s
  0% 40D f22 run  15 FEs = 4001392 best-target =     83.90649347 8396s
18-02-2014 19:59:02
  0% 40D f24 run   1 FEs = 4001392 best-target =   1134.38239269 8438s
  0% 40D f24 run   2 FEs = 4001392 best-target =   1125.51804896 8481s
  0% 40D f24 run   3 FEs = 4001392 best-target =   1217.06431344 8523s
  0% 40D f24 run   4 FEs = 4001392 best-target =   1181.68647628 8566s
  0% 40D f24 run   5 FEs = 4001392 best-target =   1080.24602291 8608s
  0% 40D f24 run   6 FEs = 4001392 best-target =   1047.23381703 8651s
  0% 40D f24 run   7 FEs = 4001392 best-target =   1119.71159527 8693s
  0% 40D f24 run   8 FEs = 4001392 best-target =   1227.17238343 8735s
  0% 40D f24 run   9 FEs = 4001392 best-target =   1213.25913943 8777s
  0% 40D f24 run  10 FEs = 4001392 best-target =   1164.52307453 8820s
  0% 40D f24 run  11 FEs = 4001392 best-target =   1132.48401323 8862s
  0% 40D f24 run  12 FEs = 4001392 best-target =   1173.49340131 8905s
  0% 40D f24 run  13 FEs = 4001392 best-target =   1256.98105078 8947s
  0% 40D f24 run  14 FEs = 4001392 best-target =   1209.80142184 8990s
  0% 40D f24 run  15 FEs = 4001392 best-target =   1115.15672024 9032s
18-02-2014 20:09:37
