BBOB data directory 'debest1_40D' created
16-02-2014 22:45:32
 25% 40D f15 run   1 FEs = 4001392 best-target =    423.66495614 319s
 25% 40D f15 run   2 FEs = 4001392 best-target =    498.05232752 627s
 24% 40D f15 run   3 FEs = 4001392 best-target =    493.26101501 995s
 25% 40D f15 run   4 FEs = 4001392 best-target =    385.76745071 1371s
 24% 40D f15 run   5 FEs = 4001392 best-target =    389.64747144 1695s
 25% 40D f15 run   6 FEs = 4001392 best-target =    349.73346540 2017s
 24% 40D f15 run   7 FEs = 4001392 best-target =    378.21603518 2293s
 25% 40D f15 run   8 FEs = 4001392 best-target =    398.16056842 2608s
 25% 40D f15 run   9 FEs = 4001392 best-target =    429.83837937 2859s
 25% 40D f15 run  10 FEs = 4001392 best-target =    460.87923547 3011s
 25% 40D f15 run  11 FEs = 4001392 best-target =    371.05633162 3153s
 24% 40D f15 run  12 FEs = 4001392 best-target =    586.29237214 3457s
 25% 40D f15 run  13 FEs = 4001392 best-target =    392.10063186 3751s
 24% 40D f15 run  14 FEs = 4001392 best-target =    743.80827361 4053s
 24% 40D f15 run  15 FEs = 4001392 best-target =    348.30913560 4388s
16-02-2014 23:58:40
 24% 40D f16 run   1 FEs = 4001392 best-target =     12.18332094 4791s
 24% 40D f16 run   2 FEs = 4001392 best-target =      8.69151641 5316s
 24% 40D f16 run   3 FEs = 4001392 best-target =      7.47311361 5793s
  3% 40D f16 run   4 FEs = 4001392 best-target =      7.58707841 6371s
 24% 40D f16 run   5 FEs = 4001392 best-target =     10.86430000 7012s
  1% 40D f16 run   6 FEs = 4001392 best-target =     20.10532811 7548s
  2% 40D f16 run   7 FEs = 4001392 best-target =     20.79349725 7993s
 24% 40D f16 run   8 FEs = 4001392 best-target =     13.86816087 8561s
 24% 40D f16 run   9 FEs = 4001392 best-target =     23.46990953 9145s
 24% 40D f16 run  10 FEs = 4001392 best-target =     21.92793897 9701s
 24% 40D f16 run  11 FEs = 4001392 best-target =     16.58945646 10235s
 24% 40D f16 run  12 FEs = 4001392 best-target =     19.05164107 10826s
 24% 40D f16 run  13 FEs = 4001392 best-target =     13.34518615 11422s
 24% 40D f16 run  14 FEs = 4001392 best-target =     15.40444892 11980s
 24% 40D f16 run  15 FEs = 4001392 best-target =      9.84631634 12512s
17-02-2014 02:14:04
  1% 40D f19 run   1 FEs = 4001392 best-target =      7.80860550 12581s
  1% 40D f19 run   2 FEs = 4001392 best-target =      7.64127204 12618s
  0% 40D f19 run   3 FEs = 4001392 best-target =      9.42267440 12696s
  0% 40D f19 run   4 FEs = 4001392 best-target =      7.04161404 12768s
  0% 40D f19 run   5 FEs = 4001392 best-target =      7.30639095 12830s
  1% 40D f19 run   6 FEs = 4001392 best-target =      7.35347630 12895s
  1% 40D f19 run   7 FEs = 4001392 best-target =      6.63511633 12955s
  1% 40D f19 run   8 FEs = 4001392 best-target =      7.35940718 12997s
  1% 40D f19 run   9 FEs = 4001392 best-target =      8.03290967 13066s
  1% 40D f19 run  10 FEs = 4001392 best-target =      9.13660134 13116s
  0% 40D f19 run  11 FEs = 4001392 best-target =      6.91313694 13161s
  0% 40D f19 run  12 FEs = 4001392 best-target =      8.07001323 13211s
  3% 40D f19 run  13 FEs = 4001392 best-target =      7.58719473 13276s
  1% 40D f19 run  14 FEs = 4001392 best-target =      8.47952151 13342s
  0% 40D f19 run  15 FEs = 4001392 best-target =      8.02105028 13415s
17-02-2014 02:29:08
  1% 40D f20 run   1 FEs = 4001392 best-target =  13839.70588825 13483s
  1% 40D f20 run   2 FEs = 4001392 best-target =   8463.41384056 13564s
  1% 40D f20 run   3 FEs = 4001392 best-target =   2884.73927138 13628s
  1% 40D f20 run   4 FEs = 4001392 best-target =   5026.16384554 13733s
  1% 40D f20 run   5 FEs = 4001392 best-target =   7310.73986684 13778s
  1% 40D f20 run   6 FEs = 4001392 best-target =   5248.36070762 13847s
  1% 40D f20 run   7 FEs = 4001392 best-target =   3960.56195880 13928s
  1% 40D f20 run   8 FEs = 4001392 best-target =   7100.36695137 14005s
  1% 40D f20 run   9 FEs = 4001392 best-target =  24589.83838422 14112s
  1% 40D f20 run  10 FEs = 4001392 best-target =   4255.06145802 14226s
  1% 40D f20 run  11 FEs = 4001392 best-target =  10502.71752079 14342s
  1% 40D f20 run  12 FEs = 4001392 best-target =   5875.49722133 14439s
  1% 40D f20 run  13 FEs = 4001392 best-target =   2726.88861464 14560s
  1% 40D f20 run  14 FEs = 4001392 best-target =    820.78291555 14656s
  1% 40D f20 run  15 FEs = 4001392 best-target =   1202.80517626 14764s
17-02-2014 02:51:37
  1% 40D f21 run   1 FEs = 4001392 best-target =     13.97220325 15011s
  2% 40D f21 run   2 FEs = 4001392 best-target =     17.41443816 15292s
  2% 40D f21 run   3 FEs = 4001392 best-target =     18.72016168 15493s
  1% 40D f21 run   4 FEs = 4001392 best-target =     37.76565356 15707s
  1% 40D f21 run   5 FEs = 4001392 best-target =     12.12846429 15895s
  1% 40D f21 run   6 FEs = 4001392 best-target =     14.55646465 16167s
  2% 40D f21 run   7 FEs = 4001392 best-target =      9.29221258 16391s
  1% 40D f21 run   8 FEs = 4001392 best-target =     58.95049080 16526s
  1% 40D f21 run   9 FEs = 4001392 best-target =     10.16407094 16724s
  2% 40D f21 run  10 FEs = 4001392 best-target =     19.02747511 16859s
  1% 40D f21 run  11 FEs = 4001392 best-target =     41.66853844 17153s
 24% 40D f21 run  12 FEs = 4001392 best-target =     26.05805774 17350s
 24% 40D f21 run  13 FEs = 4001392 best-target =     18.73518660 17600s
  1% 40D f21 run  14 FEs = 4001392 best-target =     13.51603750 17890s
  1% 40D f21 run  15 FEs = 4001392 best-target =     28.31095657 18193s
17-02-2014 03:48:46
  2% 40D f22 run   1 FEs = 4001392 best-target =      5.98839075 18311s
 23% 40D f22 run   2 FEs = 4001392 best-target =     27.19717578 18364s
  2% 40D f22 run   3 FEs = 4001392 best-target =      7.47429611 18436s
  2% 40D f22 run   4 FEs = 4001392 best-target =      4.84393805 18521s
 23% 40D f22 run   5 FEs = 4001392 best-target =     34.33767258 18641s
  1% 40D f22 run   6 FEs = 4001392 best-target =     21.55461121 18702s
  2% 40D f22 run   7 FEs = 4001392 best-target =     54.65705233 18768s
 23% 40D f22 run   8 FEs = 4001392 best-target =     22.59679771 18874s
 22% 40D f22 run   9 FEs = 4001392 best-target =     42.03443986 18941s
  2% 40D f22 run  10 FEs = 4001392 best-target =     23.40760925 19051s
 23% 40D f22 run  11 FEs = 4001392 best-target =     33.16472993 19146s
 23% 40D f22 run  12 FEs = 4001392 best-target =     31.14135926 19196s
  1% 40D f22 run  13 FEs = 4001392 best-target =     44.47866514 19237s
  2% 40D f22 run  14 FEs = 4001392 best-target =     32.25019150 19351s
 24% 40D f22 run  15 FEs = 4001392 best-target =      9.01567610 19452s
17-02-2014 04:09:45
  0% 40D f24 run   1 FEs = 4001392 best-target =    475.60421750 19557s
  0% 40D f24 run   2 FEs = 4001392 best-target =    384.98556604 19653s
  0% 40D f24 run   3 FEs = 4001392 best-target =    479.86228032 19741s
  0% 40D f24 run   4 FEs = 4001392 best-target =    550.38160075 19775s
  0% 40D f24 run   5 FEs = 4001392 best-target =    342.74595817 19809s
  0% 40D f24 run   6 FEs = 4001392 best-target =    448.33335388 19843s
  0% 40D f24 run   7 FEs = 4001392 best-target =    476.71438808 19884s
  0% 40D f24 run   8 FEs = 4001392 best-target =    531.69381822 19940s
  0% 40D f24 run   9 FEs = 4001392 best-target =    508.96749215 20024s
  0% 40D f24 run  10 FEs = 4001392 best-target =    348.02197196 20091s
  0% 40D f24 run  11 FEs = 4001392 best-target =    468.77274228 20130s
  0% 40D f24 run  12 FEs = 4001392 best-target =    406.91450705 20190s
  0% 40D f24 run  13 FEs = 4001392 best-target =    549.67824661 20257s
  0% 40D f24 run  14 FEs = 4001392 best-target =    400.12059781 20336s
  0% 40D f24 run  15 FEs = 4001392 best-target =    407.49481125 20417s
17-02-2014 04:25:50
