BBOB data directory 'debest2_40D' created
16-02-2014 22:45:32
 20% 40D f15 run   1 FEs = 4001392 best-target =   1346.08259519 251s
 21% 40D f15 run   2 FEs = 4001392 best-target =   1280.95246473 531s
 20% 40D f15 run   3 FEs = 4001392 best-target =   1219.64742079 811s
 21% 40D f15 run   4 FEs = 4001392 best-target =   1183.31715230 1149s
 20% 40D f15 run   5 FEs = 4001392 best-target =   1104.44815073 1464s
 21% 40D f15 run   6 FEs = 4001392 best-target =   1150.11102467 1803s
 20% 40D f15 run   7 FEs = 4001392 best-target =   1039.73873856 2125s
 21% 40D f15 run   8 FEs = 4001392 best-target =   1195.02313134 2479s
 23% 40D f15 run   9 FEs = 4001392 best-target =   1233.16622677 2791s
 21% 40D f15 run  10 FEs = 4001392 best-target =   1483.25084505 3112s
 22% 40D f15 run  11 FEs = 4001392 best-target =   1084.77704625 3400s
 21% 40D f15 run  12 FEs = 4001392 best-target =   1469.67121214 3718s
 21% 40D f15 run  13 FEs = 4001392 best-target =   1237.55829491 4033s
 22% 40D f15 run  14 FEs = 4001392 best-target =   1572.34270522 4395s
 17% 40D f15 run  15 FEs = 4001392 best-target =   1317.64276164 4686s
17-02-2014 00:03:38
 19% 40D f16 run   1 FEs = 4001392 best-target =     41.84765742 5174s
 17% 40D f16 run   2 FEs = 4001392 best-target =     44.97575065 5876s
 18% 40D f16 run   3 FEs = 4001392 best-target =     42.40334053 6565s
 20% 40D f16 run   4 FEs = 4001392 best-target =     44.11473147 7221s
 18% 40D f16 run   5 FEs = 4001392 best-target =     43.54028421 7919s
 19% 40D f16 run   6 FEs = 4001392 best-target =     41.52655008 8478s
 18% 40D f16 run   7 FEs = 4001392 best-target =     43.96870273 9085s
 17% 40D f16 run   8 FEs = 4001392 best-target =     44.47652895 9623s
 20% 40D f16 run   9 FEs = 4001392 best-target =     42.73204589 10158s
 19% 40D f16 run  10 FEs = 4001392 best-target =     42.04860042 10869s
 19% 40D f16 run  11 FEs = 4001392 best-target =     38.06547872 11420s
 18% 40D f16 run  12 FEs = 4001392 best-target =     40.22922997 11967s
 19% 40D f16 run  13 FEs = 4001392 best-target =     42.35006456 12508s
 17% 40D f16 run  14 FEs = 4001392 best-target =     39.59343248 13064s
 18% 40D f16 run  15 FEs = 4001392 best-target =     45.43137620 13656s
17-02-2014 02:33:09
 10% 40D f19 run   1 FEs = 4001392 best-target =     18.85052537 13708s
  9% 40D f19 run   2 FEs = 4001392 best-target =     18.64963710 13758s
 12% 40D f19 run   3 FEs = 4001392 best-target =     13.98851148 13826s
 12% 40D f19 run   4 FEs = 4001392 best-target =     16.16949127 13891s
 11% 40D f19 run   5 FEs = 4001392 best-target =     15.01598253 13973s
 14% 40D f19 run   6 FEs = 4001392 best-target =     13.96457715 14040s
 11% 40D f19 run   7 FEs = 4001392 best-target =     14.97388479 14108s
 11% 40D f19 run   8 FEs = 4001392 best-target =     16.18018630 14171s
 10% 40D f19 run   9 FEs = 4001392 best-target =     17.73825489 14239s
 10% 40D f19 run  10 FEs = 4001392 best-target =     17.17501564 14306s
 10% 40D f19 run  11 FEs = 4001392 best-target =     17.93787474 14382s
  9% 40D f19 run  12 FEs = 4001392 best-target =     14.86929405 14432s
 10% 40D f19 run  13 FEs = 4001392 best-target =     12.84877402 14466s
 12% 40D f19 run  14 FEs = 4001392 best-target =     13.53116827 14561s
 10% 40D f19 run  15 FEs = 4001392 best-target =     16.48231828 14655s
17-02-2014 02:49:47
 19% 40D f20 run   1 FEs = 4001392 best-target =  43647.09950217 14754s
 20% 40D f20 run   2 FEs = 4001392 best-target =  55782.62778622 14851s
 19% 40D f20 run   3 FEs = 4001392 best-target =  62908.83516996 14911s
 20% 40D f20 run   4 FEs = 4001392 best-target =  27250.56984664 14987s
 19% 40D f20 run   5 FEs = 4001392 best-target =  79730.61375025 15082s
 20% 40D f20 run   6 FEs = 4001392 best-target =  34116.10258209 15201s
 19% 40D f20 run   7 FEs = 4001392 best-target =  59970.23863631 15285s
 19% 40D f20 run   8 FEs = 4001392 best-target =  29809.64676531 15412s
 20% 40D f20 run   9 FEs = 4001392 best-target =  63499.71558039 15503s
 18% 40D f20 run  10 FEs = 4001392 best-target =  55577.88448314 15609s
 20% 40D f20 run  11 FEs = 4001392 best-target =  28088.31080491 15703s
 19% 40D f20 run  12 FEs = 4001392 best-target =  31883.69183053 15823s
 19% 40D f20 run  13 FEs = 4001392 best-target =  87221.63734603 15931s
 19% 40D f20 run  14 FEs = 4001392 best-target =  48544.56465471 16051s
 19% 40D f20 run  15 FEs = 4001392 best-target =  58253.24624220 16144s
17-02-2014 03:14:36
  0% 40D f21 run   1 FEs = 4001392 best-target =     75.94132671 16400s
  1% 40D f21 run   2 FEs = 4001392 best-target =     79.41798640 16624s
  1% 40D f21 run   3 FEs = 4001392 best-target =     77.37118884 16758s
  0% 40D f21 run   4 FEs = 4001392 best-target =     79.41642046 16871s
  1% 40D f21 run   5 FEs = 4001392 best-target =     79.63361688 17013s
  1% 40D f21 run   6 FEs = 4001392 best-target =     77.27685293 17208s
  0% 40D f21 run   7 FEs = 4001392 best-target =     76.47201383 17379s
  1% 40D f21 run   8 FEs = 4001392 best-target =     76.55851248 17610s
  0% 40D f21 run   9 FEs = 4001392 best-target =     74.35130430 17823s
  1% 40D f21 run  10 FEs = 4001392 best-target =     75.56034291 18092s
  1% 40D f21 run  11 FEs = 4001392 best-target =     78.20422145 18393s
  1% 40D f21 run  12 FEs = 4001392 best-target =     76.54969628 18584s
  1% 40D f21 run  13 FEs = 4001392 best-target =     79.57646974 18733s
  0% 40D f21 run  14 FEs = 4001392 best-target =     81.38717903 18983s
  1% 40D f21 run  15 FEs = 4001392 best-target =     74.84727516 19300s
17-02-2014 04:07:12
  0% 40D f22 run   1 FEs = 4001392 best-target =     83.43784296 19400s
  0% 40D f22 run   2 FEs = 4001392 best-target =     83.04094843 19510s
  1% 40D f22 run   3 FEs = 4001392 best-target =     77.99702700 19601s
  0% 40D f22 run   4 FEs = 4001392 best-target =     81.21842311 19659s
  1% 40D f22 run   5 FEs = 4001392 best-target =     79.64555429 19766s
  1% 40D f22 run   6 FEs = 4001392 best-target =     79.85628547 19864s
  0% 40D f22 run   7 FEs = 4001392 best-target =     83.04987870 19948s
  1% 40D f22 run   8 FEs = 4001392 best-target =     73.71314649 20064s
  0% 40D f22 run   9 FEs = 4001392 best-target =     82.90533361 20176s
  1% 40D f22 run  10 FEs = 4001392 best-target =     80.96381370 20267s
  0% 40D f22 run  11 FEs = 4001392 best-target =     79.39834164 20378s
  1% 40D f22 run  12 FEs = 4001392 best-target =     81.16068867 20456s
  0% 40D f22 run  13 FEs = 4001392 best-target =     81.98037883 20516s
  1% 40D f22 run  14 FEs = 4001392 best-target =     82.58188698 20597s
  1% 40D f22 run  15 FEs = 4001392 best-target =     76.57507989 20706s
17-02-2014 04:30:39
  0% 40D f24 run   1 FEs = 4001392 best-target =    965.78143073 20776s
  0% 40D f24 run   2 FEs = 4001392 best-target =    980.09037305 20855s
  0% 40D f24 run   3 FEs = 4001392 best-target =   1038.38098548 20959s
  0% 40D f24 run   4 FEs = 4001392 best-target =    918.32599969 21030s
  0% 40D f24 run   5 FEs = 4001392 best-target =    968.49971883 21068s
  0% 40D f24 run   6 FEs = 4001392 best-target =    965.57295571 21104s
  0% 40D f24 run   7 FEs = 4001392 best-target =    924.68855641 21140s
  0% 40D f24 run   8 FEs = 4001392 best-target =   1039.68725568 21187s
  0% 40D f24 run   9 FEs = 4001392 best-target =    824.94994408 21256s
  0% 40D f24 run  10 FEs = 4001392 best-target =    916.17957515 21301s
  0% 40D f24 run  11 FEs = 4001392 best-target =    905.67813257 21339s
  0% 40D f24 run  12 FEs = 4001392 best-target =    940.36651840 21411s
  0% 40D f24 run  13 FEs = 4001392 best-target =   1114.27366159 21499s
  0% 40D f24 run  14 FEs = 4001392 best-target =    894.31140931 21579s
  0% 40D f24 run  15 FEs = 4001392 best-target =    894.50612752 21617s
17-02-2014 04:45:50
