BBOB data directory 'debest6_40D' created
16-02-2014 22:45:32
 17% 40D f15 run   1 FEs = 4001392 best-target =   1876.15148267 294s
 17% 40D f15 run   2 FEs = 4001392 best-target =   1486.70205118 647s
 17% 40D f15 run   3 FEs = 4001392 best-target =   1417.67886478 1034s
 17% 40D f15 run   4 FEs = 4001392 best-target =   1792.60637002 1447s
 17% 40D f15 run   5 FEs = 4001392 best-target =   1617.53832392 1607s
 17% 40D f15 run   6 FEs = 4001392 best-target =   1858.31844956 1781s
 16% 40D f15 run   7 FEs = 4001392 best-target =   1815.18469424 2109s
 17% 40D f15 run   8 FEs = 4001392 best-target =   1854.04153686 2359s
 19% 40D f15 run   9 FEs = 4001392 best-target =   1637.18274742 2677s
 19% 40D f15 run  10 FEs = 4001392 best-target =   1916.83540020 2993s
 18% 40D f15 run  11 FEs = 4001392 best-target =   1952.28644423 3291s
 19% 40D f15 run  12 FEs = 4001392 best-target =   1792.67046839 3572s
 16% 40D f15 run  13 FEs = 4001392 best-target =   1768.65766980 3829s
 20% 40D f15 run  14 FEs = 4001392 best-target =   1524.28153550 4155s
 15% 40D f15 run  15 FEs = 4001392 best-target =   1575.08654788 4528s
17-02-2014 00:01:00
 17% 40D f16 run   1 FEs = 4001392 best-target =     42.39810245 5110s
 17% 40D f16 run   2 FEs = 4001392 best-target =     40.30624607 5688s
 16% 40D f16 run   3 FEs = 4001392 best-target =     44.21180368 6399s
 17% 40D f16 run   4 FEs = 4001392 best-target =     42.34948276 7010s
 17% 40D f16 run   5 FEs = 4001392 best-target =     43.11324896 7612s
 17% 40D f16 run   6 FEs = 4001392 best-target =     43.86136249 8425s
 17% 40D f16 run   7 FEs = 4001392 best-target =     38.31772542 9064s
 16% 40D f16 run   8 FEs = 4001392 best-target =     38.30056722 9593s
 17% 40D f16 run   9 FEs = 4001392 best-target =     38.40297828 10143s
 17% 40D f16 run  10 FEs = 4001392 best-target =     45.41330295 10751s
 17% 40D f16 run  11 FEs = 4001392 best-target =     37.67824308 11301s
 16% 40D f16 run  12 FEs = 4001392 best-target =     41.67126199 11917s
 17% 40D f16 run  13 FEs = 4001392 best-target =     46.46875152 12481s
 17% 40D f16 run  14 FEs = 4001392 best-target =     45.25734710 13086s
 17% 40D f16 run  15 FEs = 4001392 best-target =     38.65477531 13683s
17-02-2014 02:33:35
  6% 40D f19 run   1 FEs = 4001392 best-target =     27.03320562 13781s
  6% 40D f19 run   2 FEs = 4001392 best-target =     27.58055760 13878s
  5% 40D f19 run   3 FEs = 4001392 best-target =     27.23253241 13944s
  7% 40D f19 run   4 FEs = 4001392 best-target =     27.45947187 14021s
  5% 40D f19 run   5 FEs = 4001392 best-target =     31.05612870 14126s
  6% 40D f19 run   6 FEs = 4001392 best-target =     28.01883273 14233s
  6% 40D f19 run   7 FEs = 4001392 best-target =     26.00143101 14324s
  7% 40D f19 run   8 FEs = 4001392 best-target =     22.85865550 14393s
  6% 40D f19 run   9 FEs = 4001392 best-target =     27.95921098 14501s
  6% 40D f19 run  10 FEs = 4001392 best-target =     26.63632603 14589s
  7% 40D f19 run  11 FEs = 4001392 best-target =     26.32485553 14641s
  7% 40D f19 run  12 FEs = 4001392 best-target =     27.80741758 14696s
  6% 40D f19 run  13 FEs = 4001392 best-target =     25.23551538 14783s
  5% 40D f19 run  14 FEs = 4001392 best-target =     27.46761801 14869s
  5% 40D f19 run  15 FEs = 4001392 best-target =     28.63983081 14944s
17-02-2014 02:54:36
 15% 40D f20 run   1 FEs = 4001392 best-target = 108969.03988212 15049s
 14% 40D f20 run   2 FEs = 4001392 best-target = 135468.25939597 15133s
 16% 40D f20 run   3 FEs = 4001392 best-target = 128288.32915102 15209s
 15% 40D f20 run   4 FEs = 4001392 best-target = 134295.21911903 15320s
 16% 40D f20 run   5 FEs = 4001392 best-target =  66177.87758650 15434s
 17% 40D f20 run   6 FEs = 4001392 best-target =  57828.53430621 15482s
 15% 40D f20 run   7 FEs = 4001392 best-target = 118518.70914142 15561s
 15% 40D f20 run   8 FEs = 4001392 best-target = 109189.23899504 15648s
 15% 40D f20 run   9 FEs = 4001392 best-target = 124099.06544530 15754s
 16% 40D f20 run  10 FEs = 4001392 best-target = 122269.79115011 15860s
 17% 40D f20 run  11 FEs = 4001392 best-target =  71738.62271187 15969s
 16% 40D f20 run  12 FEs = 4001392 best-target =  79898.62905584 16066s
 15% 40D f20 run  13 FEs = 4001392 best-target = 123898.00607250 16144s
 15% 40D f20 run  14 FEs = 4001392 best-target =  97812.76867356 16251s
 16% 40D f20 run  15 FEs = 4001392 best-target = 113092.12534818 16354s
17-02-2014 03:18:06
  0% 40D f21 run   1 FEs = 4001392 best-target =     81.06162310 16579s
  0% 40D f21 run   2 FEs = 4001392 best-target =     80.90672271 16881s
  0% 40D f21 run   3 FEs = 4001392 best-target =     80.89512585 17129s
  0% 40D f21 run   4 FEs = 4001392 best-target =     82.72583080 17387s
  0% 40D f21 run   5 FEs = 4001392 best-target =     82.91568530 17683s
  0% 40D f21 run   6 FEs = 4001392 best-target =     83.14563056 17899s
  0% 40D f21 run   7 FEs = 4001392 best-target =     83.10634730 18035s
  0% 40D f21 run   8 FEs = 4001392 best-target =     83.21683559 18243s
  0% 40D f21 run   9 FEs = 4001392 best-target =     82.83157948 18432s
  0% 40D f21 run  10 FEs = 4001392 best-target =     81.87358065 18549s
  0% 40D f21 run  11 FEs = 4001392 best-target =     82.86085152 18793s
  0% 40D f21 run  12 FEs = 4001392 best-target =     82.60103517 19011s
  0% 40D f21 run  13 FEs = 4001392 best-target =     81.53273369 19221s
  0% 40D f21 run  14 FEs = 4001392 best-target =     84.39793811 19539s
  0% 40D f21 run  15 FEs = 4001392 best-target =     84.19512599 19730s
17-02-2014 04:14:23
  0% 40D f22 run   1 FEs = 4001392 best-target =     83.65750185 19841s
  0% 40D f22 run   2 FEs = 4001392 best-target =     85.21060374 19943s
  0% 40D f22 run   3 FEs = 4001392 best-target =     82.79131309 20044s
  0% 40D f22 run   4 FEs = 4001392 best-target =     83.98853893 20134s
  0% 40D f22 run   5 FEs = 4001392 best-target =     84.50121372 20248s
  0% 40D f22 run   6 FEs = 4001392 best-target =     85.57561897 20354s
  0% 40D f22 run   7 FEs = 4001392 best-target =     84.73668535 20426s
  0% 40D f22 run   8 FEs = 4001392 best-target =     83.76028138 20504s
  0% 40D f22 run   9 FEs = 4001392 best-target =     84.66361428 20592s
  0% 40D f22 run  10 FEs = 4001392 best-target =     83.14149919 20690s
  0% 40D f22 run  11 FEs = 4001392 best-target =     85.21077998 20781s
  0% 40D f22 run  12 FEs = 4001392 best-target =     80.44144569 20859s
  0% 40D f22 run  13 FEs = 4001392 best-target =     84.40893944 20944s
  0% 40D f22 run  14 FEs = 4001392 best-target =     83.76770439 21020s
  0% 40D f22 run  15 FEs = 4001392 best-target =     82.82827563 21114s
17-02-2014 04:37:26
  0% 40D f24 run   1 FEs = 4001392 best-target =   1106.65893016 21219s
  0% 40D f24 run   2 FEs = 4001392 best-target =   1206.85769552 21298s
  0% 40D f24 run   3 FEs = 4001392 best-target =   1149.85572234 21359s
  0% 40D f24 run   4 FEs = 4001392 best-target =   1159.35402988 21439s
  0% 40D f24 run   5 FEs = 4001392 best-target =   1024.20175310 21515s
  0% 40D f24 run   6 FEs = 4001392 best-target =   1239.62251453 21603s
  0% 40D f24 run   7 FEs = 4001392 best-target =   1170.37528209 21679s
  0% 40D f24 run   8 FEs = 4001392 best-target =   1260.77663982 21758s
  0% 40D f24 run   9 FEs = 4001392 best-target =   1176.45184361 21835s
  0% 40D f24 run  10 FEs = 4001392 best-target =   1199.78236184 21913s
  0% 40D f24 run  11 FEs = 4001392 best-target =   1096.20545230 21951s
  0% 40D f24 run  12 FEs = 4001392 best-target =   1028.91746860 21996s
  0% 40D f24 run  13 FEs = 4001392 best-target =   1151.93988543 22044s
  0% 40D f24 run  14 FEs = 4001392 best-target =   1235.41500920 22108s
  0% 40D f24 run  15 FEs = 4001392 best-target =   1151.68316772 22179s
17-02-2014 04:55:11
